2023-09-28 06:31:51 error: [Cake\Http\Exception\MissingControllerException] Controller class Main could not be found. in C:\xampp\htdocs\zscmst\vendor\cakephp\cakephp\src\Controller\ControllerFactory.php on line 348
Exception Attributes: array (
  'controller' => 'Main',
  'plugin' => NULL,
  'prefix' => 'Api',
  '_ext' => NULL,
  'class' => 'Main',
)
Stack Trace:
- C:\xampp\htdocs\zscmst\vendor\cakephp\cakephp\src\Controller\ControllerFactory.php:74
- C:\xampp\htdocs\zscmst\vendor\cakephp\cakephp\src\Http\BaseApplication.php:318
- C:\xampp\htdocs\zscmst\vendor\cakephp\cakephp\src\Http\Runner.php:86
- C:\xampp\htdocs\zscmst\vendor\cakephp\cakephp\src\Http\Middleware\CsrfProtectionMiddleware.php:174
- C:\xampp\htdocs\zscmst\vendor\cakephp\cakephp\src\Http\Runner.php:82
- C:\xampp\htdocs\zscmst\vendor\cakephp\cakephp\src\Http\Middleware\BodyParserMiddleware.php:157
- C:\xampp\htdocs\zscmst\vendor\cakephp\cakephp\src\Http\Runner.php:82
- C:\xampp\htdocs\zscmst\vendor\cakephp\cakephp\src\Routing\Middleware\RoutingMiddleware.php:186
- C:\xampp\htdocs\zscmst\vendor\cakephp\cakephp\src\Http\Runner.php:82
- C:\xampp\htdocs\zscmst\vendor\cakephp\cakephp\src\Routing\Middleware\AssetMiddleware.php:68
- C:\xampp\htdocs\zscmst\vendor\cakephp\cakephp\src\Http\Runner.php:82
- C:\xampp\htdocs\zscmst\vendor\cakephp\cakephp\src\Error\Middleware\ErrorHandlerMiddleware.php:131
- C:\xampp\htdocs\zscmst\vendor\cakephp\cakephp\src\Http\Runner.php:82
- C:\xampp\htdocs\zscmst\vendor\cakephp\debug_kit\src\Middleware\DebugKitMiddleware.php:60
- C:\xampp\htdocs\zscmst\vendor\cakephp\cakephp\src\Http\Runner.php:82
- C:\xampp\htdocs\zscmst\vendor\cakephp\cakephp\src\Http\Runner.php:67
- C:\xampp\htdocs\zscmst\vendor\cakephp\cakephp\src\Http\Server.php:90
- C:\xampp\htdocs\zscmst\webroot\index.php:40

Request URL: /api/main/login?redirect=%2Fapi%2Ftransferees%3Fstatus%3D0
Referer URL: http://localhost/zscmst/main
Client IP: 127.0.0.1
2023-09-28 14:35:57 error: [Cake\Controller\Exception\MissingActionException] Action MainController::bg() could not be found, or is not accessible. in C:\xampp\htdocs\zscmst\vendor\cakephp\cakephp\src\Controller\Controller.php on line 526
Exception Attributes: array (
  'controller' => 'MainController',
  'action' => 'bg',
  'prefix' => '',
  'plugin' => NULL,
)
Stack Trace:
- C:\xampp\htdocs\zscmst\vendor\cakephp\cakephp\src\Controller\ControllerFactory.php:134
- C:\xampp\htdocs\zscmst\vendor\cakephp\cakephp\src\Controller\ControllerFactory.php:114
- C:\xampp\htdocs\zscmst\vendor\cakephp\cakephp\src\Http\BaseApplication.php:320
- C:\xampp\htdocs\zscmst\vendor\cakephp\cakephp\src\Http\Runner.php:86
- C:\xampp\htdocs\zscmst\vendor\cakephp\cakephp\src\Http\Middleware\CsrfProtectionMiddleware.php:174
- C:\xampp\htdocs\zscmst\vendor\cakephp\cakephp\src\Http\Runner.php:82
- C:\xampp\htdocs\zscmst\vendor\cakephp\cakephp\src\Http\Middleware\BodyParserMiddleware.php:157
- C:\xampp\htdocs\zscmst\vendor\cakephp\cakephp\src\Http\Runner.php:82
- C:\xampp\htdocs\zscmst\vendor\cakephp\cakephp\src\Routing\Middleware\RoutingMiddleware.php:186
- C:\xampp\htdocs\zscmst\vendor\cakephp\cakephp\src\Http\Runner.php:82
- C:\xampp\htdocs\zscmst\vendor\cakephp\cakephp\src\Routing\Middleware\AssetMiddleware.php:77
- C:\xampp\htdocs\zscmst\vendor\cakephp\cakephp\src\Http\Runner.php:82
- C:\xampp\htdocs\zscmst\vendor\cakephp\cakephp\src\Error\Middleware\ErrorHandlerMiddleware.php:131
- C:\xampp\htdocs\zscmst\vendor\cakephp\cakephp\src\Http\Runner.php:82
- C:\xampp\htdocs\zscmst\vendor\cakephp\debug_kit\src\Middleware\DebugKitMiddleware.php:60
- C:\xampp\htdocs\zscmst\vendor\cakephp\cakephp\src\Http\Runner.php:82
- C:\xampp\htdocs\zscmst\vendor\cakephp\cakephp\src\Http\Runner.php:67
- C:\xampp\htdocs\zscmst\vendor\cakephp\cakephp\src\Http\Server.php:90
- C:\xampp\htdocs\zscmst\webroot\index.php:40

Request URL: /main/bg/bg1.png
Referer URL: http://localhost/zscmst/main/login?redirect=%2Fmain
Client IP: 127.0.0.1
2023-09-28 06:36:05 error: [Cake\Controller\Exception\MissingActionException] Action AppController::medicalServices() could not be found, or is not accessible. in C:\xampp\htdocs\zscmst\vendor\cakephp\cakephp\src\Controller\Controller.php on line 526
Exception Attributes: array (
  'controller' => 'AppController',
  'action' => 'medicalServices',
  'prefix' => '',
  'plugin' => NULL,
)
Stack Trace:
- C:\xampp\htdocs\zscmst\vendor\cakephp\cakephp\src\Controller\ControllerFactory.php:134
- C:\xampp\htdocs\zscmst\vendor\cakephp\cakephp\src\Controller\ControllerFactory.php:114
- C:\xampp\htdocs\zscmst\vendor\cakephp\cakephp\src\Http\BaseApplication.php:320
- C:\xampp\htdocs\zscmst\vendor\cakephp\cakephp\src\Http\Runner.php:86
- C:\xampp\htdocs\zscmst\vendor\cakephp\cakephp\src\Http\Middleware\CsrfProtectionMiddleware.php:174
- C:\xampp\htdocs\zscmst\vendor\cakephp\cakephp\src\Http\Runner.php:82
- C:\xampp\htdocs\zscmst\vendor\cakephp\cakephp\src\Http\Middleware\BodyParserMiddleware.php:157
- C:\xampp\htdocs\zscmst\vendor\cakephp\cakephp\src\Http\Runner.php:82
- C:\xampp\htdocs\zscmst\vendor\cakephp\cakephp\src\Routing\Middleware\RoutingMiddleware.php:186
- C:\xampp\htdocs\zscmst\vendor\cakephp\cakephp\src\Http\Runner.php:82
- C:\xampp\htdocs\zscmst\vendor\cakephp\cakephp\src\Routing\Middleware\AssetMiddleware.php:77
- C:\xampp\htdocs\zscmst\vendor\cakephp\cakephp\src\Http\Runner.php:82
- C:\xampp\htdocs\zscmst\vendor\cakephp\cakephp\src\Error\Middleware\ErrorHandlerMiddleware.php:131
- C:\xampp\htdocs\zscmst\vendor\cakephp\cakephp\src\Http\Runner.php:82
- C:\xampp\htdocs\zscmst\vendor\cakephp\debug_kit\src\Middleware\DebugKitMiddleware.php:60
- C:\xampp\htdocs\zscmst\vendor\cakephp\cakephp\src\Http\Runner.php:82
- C:\xampp\htdocs\zscmst\vendor\cakephp\cakephp\src\Http\Runner.php:67
- C:\xampp\htdocs\zscmst\vendor\cakephp\cakephp\src\Http\Server.php:90
- C:\xampp\htdocs\zscmst\webroot\index.php:40

Request URL: /app/medical-services/medical-consent/controller.js?version=1695882962
Referer URL: http://localhost/zscmst/main
Client IP: 127.0.0.1
2023-09-28 06:36:05 error: [Cake\Controller\Exception\MissingActionException] Action AppController::registrar() could not be found, or is not accessible. in C:\xampp\htdocs\zscmst\vendor\cakephp\cakephp\src\Controller\Controller.php on line 526
Exception Attributes: array (
  'controller' => 'AppController',
  'action' => 'registrar',
  'prefix' => '',
  'plugin' => NULL,
)
Stack Trace:
- C:\xampp\htdocs\zscmst\vendor\cakephp\cakephp\src\Controller\ControllerFactory.php:134
- C:\xampp\htdocs\zscmst\vendor\cakephp\cakephp\src\Controller\ControllerFactory.php:114
- C:\xampp\htdocs\zscmst\vendor\cakephp\cakephp\src\Http\BaseApplication.php:320
- C:\xampp\htdocs\zscmst\vendor\cakephp\cakephp\src\Http\Runner.php:86
- C:\xampp\htdocs\zscmst\vendor\cakephp\cakephp\src\Http\Middleware\CsrfProtectionMiddleware.php:174
- C:\xampp\htdocs\zscmst\vendor\cakephp\cakephp\src\Http\Runner.php:82
- C:\xampp\htdocs\zscmst\vendor\cakephp\cakephp\src\Http\Middleware\BodyParserMiddleware.php:157
- C:\xampp\htdocs\zscmst\vendor\cakephp\cakephp\src\Http\Runner.php:82
- C:\xampp\htdocs\zscmst\vendor\cakephp\cakephp\src\Routing\Middleware\RoutingMiddleware.php:186
- C:\xampp\htdocs\zscmst\vendor\cakephp\cakephp\src\Http\Runner.php:82
- C:\xampp\htdocs\zscmst\vendor\cakephp\cakephp\src\Routing\Middleware\AssetMiddleware.php:77
- C:\xampp\htdocs\zscmst\vendor\cakephp\cakephp\src\Http\Runner.php:82
- C:\xampp\htdocs\zscmst\vendor\cakephp\cakephp\src\Error\Middleware\ErrorHandlerMiddleware.php:131
- C:\xampp\htdocs\zscmst\vendor\cakephp\cakephp\src\Http\Runner.php:82
- C:\xampp\htdocs\zscmst\vendor\cakephp\debug_kit\src\Middleware\DebugKitMiddleware.php:60
- C:\xampp\htdocs\zscmst\vendor\cakephp\cakephp\src\Http\Runner.php:82
- C:\xampp\htdocs\zscmst\vendor\cakephp\cakephp\src\Http\Runner.php:67
- C:\xampp\htdocs\zscmst\vendor\cakephp\cakephp\src\Http\Server.php:90
- C:\xampp\htdocs\zscmst\webroot\index.php:40

Request URL: /app/registrar/student-profile/controller.js?version=1695882962
Referer URL: http://localhost/zscmst/main
Client IP: 127.0.0.1
2023-09-28 06:36:06 error: [Cake\Controller\Exception\MissingActionException] Action AppController::medicalServices() could not be found, or is not accessible. in C:\xampp\htdocs\zscmst\vendor\cakephp\cakephp\src\Controller\Controller.php on line 526
Exception Attributes: array (
  'controller' => 'AppController',
  'action' => 'medicalServices',
  'prefix' => '',
  'plugin' => NULL,
)
Stack Trace:
- C:\xampp\htdocs\zscmst\vendor\cakephp\cakephp\src\Controller\ControllerFactory.php:134
- C:\xampp\htdocs\zscmst\vendor\cakephp\cakephp\src\Controller\ControllerFactory.php:114
- C:\xampp\htdocs\zscmst\vendor\cakephp\cakephp\src\Http\BaseApplication.php:320
- C:\xampp\htdocs\zscmst\vendor\cakephp\cakephp\src\Http\Runner.php:86
- C:\xampp\htdocs\zscmst\vendor\cakephp\cakephp\src\Http\Middleware\CsrfProtectionMiddleware.php:174
- C:\xampp\htdocs\zscmst\vendor\cakephp\cakephp\src\Http\Runner.php:82
- C:\xampp\htdocs\zscmst\vendor\cakephp\cakephp\src\Http\Middleware\BodyParserMiddleware.php:157
- C:\xampp\htdocs\zscmst\vendor\cakephp\cakephp\src\Http\Runner.php:82
- C:\xampp\htdocs\zscmst\vendor\cakephp\cakephp\src\Routing\Middleware\RoutingMiddleware.php:186
- C:\xampp\htdocs\zscmst\vendor\cakephp\cakephp\src\Http\Runner.php:82
- C:\xampp\htdocs\zscmst\vendor\cakephp\cakephp\src\Routing\Middleware\AssetMiddleware.php:77
- C:\xampp\htdocs\zscmst\vendor\cakephp\cakephp\src\Http\Runner.php:82
- C:\xampp\htdocs\zscmst\vendor\cakephp\cakephp\src\Error\Middleware\ErrorHandlerMiddleware.php:131
- C:\xampp\htdocs\zscmst\vendor\cakephp\cakephp\src\Http\Runner.php:82
- C:\xampp\htdocs\zscmst\vendor\cakephp\debug_kit\src\Middleware\DebugKitMiddleware.php:60
- C:\xampp\htdocs\zscmst\vendor\cakephp\cakephp\src\Http\Runner.php:82
- C:\xampp\htdocs\zscmst\vendor\cakephp\cakephp\src\Http\Runner.php:67
- C:\xampp\htdocs\zscmst\vendor\cakephp\cakephp\src\Http\Server.php:90
- C:\xampp\htdocs\zscmst\webroot\index.php:40

Request URL: /app/medical-services/medical-consent/service.js?version=1695882962
Referer URL: http://localhost/zscmst/main
Client IP: 127.0.0.1
2023-09-28 06:36:06 error: [Cake\Controller\Exception\MissingActionException] Action AppController::medicalServices() could not be found, or is not accessible. in C:\xampp\htdocs\zscmst\vendor\cakephp\cakephp\src\Controller\Controller.php on line 526
Exception Attributes: array (
  'controller' => 'AppController',
  'action' => 'medicalServices',
  'prefix' => '',
  'plugin' => NULL,
)
Stack Trace:
- C:\xampp\htdocs\zscmst\vendor\cakephp\cakephp\src\Controller\ControllerFactory.php:134
- C:\xampp\htdocs\zscmst\vendor\cakephp\cakephp\src\Controller\ControllerFactory.php:114
- C:\xampp\htdocs\zscmst\vendor\cakephp\cakephp\src\Http\BaseApplication.php:320
- C:\xampp\htdocs\zscmst\vendor\cakephp\cakephp\src\Http\Runner.php:86
- C:\xampp\htdocs\zscmst\vendor\cakephp\cakephp\src\Http\Middleware\CsrfProtectionMiddleware.php:174
- C:\xampp\htdocs\zscmst\vendor\cakephp\cakephp\src\Http\Runner.php:82
- C:\xampp\htdocs\zscmst\vendor\cakephp\cakephp\src\Http\Middleware\BodyParserMiddleware.php:157
- C:\xampp\htdocs\zscmst\vendor\cakephp\cakephp\src\Http\Runner.php:82
- C:\xampp\htdocs\zscmst\vendor\cakephp\cakephp\src\Routing\Middleware\RoutingMiddleware.php:186
- C:\xampp\htdocs\zscmst\vendor\cakephp\cakephp\src\Http\Runner.php:82
- C:\xampp\htdocs\zscmst\vendor\cakephp\cakephp\src\Routing\Middleware\AssetMiddleware.php:77
- C:\xampp\htdocs\zscmst\vendor\cakephp\cakephp\src\Http\Runner.php:82
- C:\xampp\htdocs\zscmst\vendor\cakephp\cakephp\src\Error\Middleware\ErrorHandlerMiddleware.php:131
- C:\xampp\htdocs\zscmst\vendor\cakephp\cakephp\src\Http\Runner.php:82
- C:\xampp\htdocs\zscmst\vendor\cakephp\debug_kit\src\Middleware\DebugKitMiddleware.php:60
- C:\xampp\htdocs\zscmst\vendor\cakephp\cakephp\src\Http\Runner.php:82
- C:\xampp\htdocs\zscmst\vendor\cakephp\cakephp\src\Http\Runner.php:67
- C:\xampp\htdocs\zscmst\vendor\cakephp\cakephp\src\Http\Server.php:90
- C:\xampp\htdocs\zscmst\webroot\index.php:40

Request URL: /app/medical-services/medical-consent/route.js?version=1695882962
Referer URL: http://localhost/zscmst/main
Client IP: 127.0.0.1
2023-09-28 06:36:07 error: [Cake\Controller\Exception\MissingActionException] Action AppController::medicalServices() could not be found, or is not accessible. in C:\xampp\htdocs\zscmst\vendor\cakephp\cakephp\src\Controller\Controller.php on line 526
Exception Attributes: array (
  'controller' => 'AppController',
  'action' => 'medicalServices',
  'prefix' => '',
  'plugin' => NULL,
)
Stack Trace:
- C:\xampp\htdocs\zscmst\vendor\cakephp\cakephp\src\Controller\ControllerFactory.php:134
- C:\xampp\htdocs\zscmst\vendor\cakephp\cakephp\src\Controller\ControllerFactory.php:114
- C:\xampp\htdocs\zscmst\vendor\cakephp\cakephp\src\Http\BaseApplication.php:320
- C:\xampp\htdocs\zscmst\vendor\cakephp\cakephp\src\Http\Runner.php:86
- C:\xampp\htdocs\zscmst\vendor\cakephp\cakephp\src\Http\Middleware\CsrfProtectionMiddleware.php:174
- C:\xampp\htdocs\zscmst\vendor\cakephp\cakephp\src\Http\Runner.php:82
- C:\xampp\htdocs\zscmst\vendor\cakephp\cakephp\src\Http\Middleware\BodyParserMiddleware.php:157
- C:\xampp\htdocs\zscmst\vendor\cakephp\cakephp\src\Http\Runner.php:82
- C:\xampp\htdocs\zscmst\vendor\cakephp\cakephp\src\Routing\Middleware\RoutingMiddleware.php:186
- C:\xampp\htdocs\zscmst\vendor\cakephp\cakephp\src\Http\Runner.php:82
- C:\xampp\htdocs\zscmst\vendor\cakephp\cakephp\src\Routing\Middleware\AssetMiddleware.php:77
- C:\xampp\htdocs\zscmst\vendor\cakephp\cakephp\src\Http\Runner.php:82
- C:\xampp\htdocs\zscmst\vendor\cakephp\cakephp\src\Error\Middleware\ErrorHandlerMiddleware.php:131
- C:\xampp\htdocs\zscmst\vendor\cakephp\cakephp\src\Http\Runner.php:82
- C:\xampp\htdocs\zscmst\vendor\cakephp\debug_kit\src\Middleware\DebugKitMiddleware.php:60
- C:\xampp\htdocs\zscmst\vendor\cakephp\cakephp\src\Http\Runner.php:82
- C:\xampp\htdocs\zscmst\vendor\cakephp\cakephp\src\Http\Runner.php:67
- C:\xampp\htdocs\zscmst\vendor\cakephp\cakephp\src\Http\Server.php:90
- C:\xampp\htdocs\zscmst\webroot\index.php:40

Request URL: /app/medical-services/medical-consent/controller.js?version=1695882962
Referer URL: http://localhost/zscmst/main
Client IP: 127.0.0.1
2023-09-28 06:36:23 error: [Cake\Http\Exception\MissingControllerException] Controller class Assets could not be found. in C:\xampp\htdocs\zscmst\vendor\cakephp\cakephp\src\Controller\ControllerFactory.php on line 348
Exception Attributes: array (
  'controller' => 'Assets',
  'plugin' => NULL,
  'prefix' => NULL,
  '_ext' => NULL,
  'class' => 'Assets',
)
Stack Trace:
- C:\xampp\htdocs\zscmst\vendor\cakephp\cakephp\src\Controller\ControllerFactory.php:74
- C:\xampp\htdocs\zscmst\vendor\cakephp\cakephp\src\Http\BaseApplication.php:318
- C:\xampp\htdocs\zscmst\vendor\cakephp\cakephp\src\Http\Runner.php:86
- C:\xampp\htdocs\zscmst\vendor\cakephp\cakephp\src\Http\Middleware\CsrfProtectionMiddleware.php:174
- C:\xampp\htdocs\zscmst\vendor\cakephp\cakephp\src\Http\Runner.php:82
- C:\xampp\htdocs\zscmst\vendor\cakephp\cakephp\src\Http\Middleware\BodyParserMiddleware.php:157
- C:\xampp\htdocs\zscmst\vendor\cakephp\cakephp\src\Http\Runner.php:82
- C:\xampp\htdocs\zscmst\vendor\cakephp\cakephp\src\Routing\Middleware\RoutingMiddleware.php:186
- C:\xampp\htdocs\zscmst\vendor\cakephp\cakephp\src\Http\Runner.php:82
- C:\xampp\htdocs\zscmst\vendor\cakephp\cakephp\src\Routing\Middleware\AssetMiddleware.php:77
- C:\xampp\htdocs\zscmst\vendor\cakephp\cakephp\src\Http\Runner.php:82
- C:\xampp\htdocs\zscmst\vendor\cakephp\cakephp\src\Error\Middleware\ErrorHandlerMiddleware.php:131
- C:\xampp\htdocs\zscmst\vendor\cakephp\cakephp\src\Http\Runner.php:82
- C:\xampp\htdocs\zscmst\vendor\cakephp\debug_kit\src\Middleware\DebugKitMiddleware.php:60
- C:\xampp\htdocs\zscmst\vendor\cakephp\cakephp\src\Http\Runner.php:82
- C:\xampp\htdocs\zscmst\vendor\cakephp\cakephp\src\Http\Runner.php:67
- C:\xampp\htdocs\zscmst\vendor\cakephp\cakephp\src\Http\Server.php:90
- C:\xampp\htdocs\zscmst\webroot\index.php:40

Request URL: /assets/plugins/amCharts/core.js.map
Client IP: 127.0.0.1
2023-09-28 06:45:50 error: [Cake\Http\Exception\MissingControllerException] Controller class Main could not be found. in C:\xampp\htdocs\zscmst\vendor\cakephp\cakephp\src\Controller\ControllerFactory.php on line 348
Exception Attributes: array (
  'controller' => 'Main',
  'plugin' => NULL,
  'prefix' => 'Api',
  '_ext' => NULL,
  'class' => 'Main',
)
Stack Trace:
- C:\xampp\htdocs\zscmst\vendor\cakephp\cakephp\src\Controller\ControllerFactory.php:74
- C:\xampp\htdocs\zscmst\vendor\cakephp\cakephp\src\Http\BaseApplication.php:318
- C:\xampp\htdocs\zscmst\vendor\cakephp\cakephp\src\Http\Runner.php:86
- C:\xampp\htdocs\zscmst\vendor\cakephp\cakephp\src\Http\Middleware\CsrfProtectionMiddleware.php:174
- C:\xampp\htdocs\zscmst\vendor\cakephp\cakephp\src\Http\Runner.php:82
- C:\xampp\htdocs\zscmst\vendor\cakephp\cakephp\src\Http\Middleware\BodyParserMiddleware.php:157
- C:\xampp\htdocs\zscmst\vendor\cakephp\cakephp\src\Http\Runner.php:82
- C:\xampp\htdocs\zscmst\vendor\cakephp\cakephp\src\Routing\Middleware\RoutingMiddleware.php:186
- C:\xampp\htdocs\zscmst\vendor\cakephp\cakephp\src\Http\Runner.php:82
- C:\xampp\htdocs\zscmst\vendor\cakephp\cakephp\src\Routing\Middleware\AssetMiddleware.php:68
- C:\xampp\htdocs\zscmst\vendor\cakephp\cakephp\src\Http\Runner.php:82
- C:\xampp\htdocs\zscmst\vendor\cakephp\cakephp\src\Error\Middleware\ErrorHandlerMiddleware.php:131
- C:\xampp\htdocs\zscmst\vendor\cakephp\cakephp\src\Http\Runner.php:82
- C:\xampp\htdocs\zscmst\vendor\cakephp\debug_kit\src\Middleware\DebugKitMiddleware.php:60
- C:\xampp\htdocs\zscmst\vendor\cakephp\cakephp\src\Http\Runner.php:82
- C:\xampp\htdocs\zscmst\vendor\cakephp\cakephp\src\Http\Runner.php:67
- C:\xampp\htdocs\zscmst\vendor\cakephp\cakephp\src\Http\Server.php:90
- C:\xampp\htdocs\zscmst\webroot\index.php:40

Request URL: /api/main/login?redirect=%2Fapi%2Ftransferees%3Fper_student%3D1%26status%3D1
Referer URL: http://localhost/zscmst/main
Client IP: 127.0.0.1
2023-09-28 06:45:50 error: [Cake\Http\Exception\MissingControllerException] Controller class Main could not be found. in C:\xampp\htdocs\zscmst\vendor\cakephp\cakephp\src\Controller\ControllerFactory.php on line 348
Exception Attributes: array (
  'controller' => 'Main',
  'plugin' => NULL,
  'prefix' => 'Api',
  '_ext' => NULL,
  'class' => 'Main',
)
Stack Trace:
- C:\xampp\htdocs\zscmst\vendor\cakephp\cakephp\src\Controller\ControllerFactory.php:74
- C:\xampp\htdocs\zscmst\vendor\cakephp\cakephp\src\Http\BaseApplication.php:318
- C:\xampp\htdocs\zscmst\vendor\cakephp\cakephp\src\Http\Runner.php:86
- C:\xampp\htdocs\zscmst\vendor\cakephp\cakephp\src\Http\Middleware\CsrfProtectionMiddleware.php:174
- C:\xampp\htdocs\zscmst\vendor\cakephp\cakephp\src\Http\Runner.php:82
- C:\xampp\htdocs\zscmst\vendor\cakephp\cakephp\src\Http\Middleware\BodyParserMiddleware.php:157
- C:\xampp\htdocs\zscmst\vendor\cakephp\cakephp\src\Http\Runner.php:82
- C:\xampp\htdocs\zscmst\vendor\cakephp\cakephp\src\Routing\Middleware\RoutingMiddleware.php:186
- C:\xampp\htdocs\zscmst\vendor\cakephp\cakephp\src\Http\Runner.php:82
- C:\xampp\htdocs\zscmst\vendor\cakephp\cakephp\src\Routing\Middleware\AssetMiddleware.php:68
- C:\xampp\htdocs\zscmst\vendor\cakephp\cakephp\src\Http\Runner.php:82
- C:\xampp\htdocs\zscmst\vendor\cakephp\cakephp\src\Error\Middleware\ErrorHandlerMiddleware.php:131
- C:\xampp\htdocs\zscmst\vendor\cakephp\cakephp\src\Http\Runner.php:82
- C:\xampp\htdocs\zscmst\vendor\cakephp\debug_kit\src\Middleware\DebugKitMiddleware.php:60
- C:\xampp\htdocs\zscmst\vendor\cakephp\cakephp\src\Http\Runner.php:82
- C:\xampp\htdocs\zscmst\vendor\cakephp\cakephp\src\Http\Runner.php:67
- C:\xampp\htdocs\zscmst\vendor\cakephp\cakephp\src\Http\Server.php:90
- C:\xampp\htdocs\zscmst\webroot\index.php:40

Request URL: /api/main/login?redirect=%2Fapi%2Ftransferees%3Fper_student%3D1%26status%3D0
Referer URL: http://localhost/zscmst/main
Client IP: 127.0.0.1
2023-09-28 06:45:50 error: [Cake\Http\Exception\MissingControllerException] Controller class Main could not be found. in C:\xampp\htdocs\zscmst\vendor\cakephp\cakephp\src\Controller\ControllerFactory.php on line 348
Exception Attributes: array (
  'controller' => 'Main',
  'plugin' => NULL,
  'prefix' => 'Api',
  '_ext' => NULL,
  'class' => 'Main',
)
Stack Trace:
- C:\xampp\htdocs\zscmst\vendor\cakephp\cakephp\src\Controller\ControllerFactory.php:74
- C:\xampp\htdocs\zscmst\vendor\cakephp\cakephp\src\Http\BaseApplication.php:318
- C:\xampp\htdocs\zscmst\vendor\cakephp\cakephp\src\Http\Runner.php:86
- C:\xampp\htdocs\zscmst\vendor\cakephp\cakephp\src\Http\Middleware\CsrfProtectionMiddleware.php:174
- C:\xampp\htdocs\zscmst\vendor\cakephp\cakephp\src\Http\Runner.php:82
- C:\xampp\htdocs\zscmst\vendor\cakephp\cakephp\src\Http\Middleware\BodyParserMiddleware.php:157
- C:\xampp\htdocs\zscmst\vendor\cakephp\cakephp\src\Http\Runner.php:82
- C:\xampp\htdocs\zscmst\vendor\cakephp\cakephp\src\Routing\Middleware\RoutingMiddleware.php:186
- C:\xampp\htdocs\zscmst\vendor\cakephp\cakephp\src\Http\Runner.php:82
- C:\xampp\htdocs\zscmst\vendor\cakephp\cakephp\src\Routing\Middleware\AssetMiddleware.php:68
- C:\xampp\htdocs\zscmst\vendor\cakephp\cakephp\src\Http\Runner.php:82
- C:\xampp\htdocs\zscmst\vendor\cakephp\cakephp\src\Error\Middleware\ErrorHandlerMiddleware.php:131
- C:\xampp\htdocs\zscmst\vendor\cakephp\cakephp\src\Http\Runner.php:82
- C:\xampp\htdocs\zscmst\vendor\cakephp\debug_kit\src\Middleware\DebugKitMiddleware.php:60
- C:\xampp\htdocs\zscmst\vendor\cakephp\cakephp\src\Http\Runner.php:82
- C:\xampp\htdocs\zscmst\vendor\cakephp\cakephp\src\Http\Runner.php:67
- C:\xampp\htdocs\zscmst\vendor\cakephp\cakephp\src\Http\Server.php:90
- C:\xampp\htdocs\zscmst\webroot\index.php:40

Request URL: /api/main/login?redirect=%2Fapi%2Ftransferees%3Fper_student%3D1%26status%3D2
Referer URL: http://localhost/zscmst/main
Client IP: 127.0.0.1
2023-09-28 06:53:12 error: [Cake\Controller\Exception\MissingActionException] Action AppController::registrar() could not be found, or is not accessible. in C:\xampp\htdocs\zscmst\vendor\cakephp\cakephp\src\Controller\Controller.php on line 526
Exception Attributes: array (
  'controller' => 'AppController',
  'action' => 'registrar',
  'prefix' => '',
  'plugin' => NULL,
)
Stack Trace:
- C:\xampp\htdocs\zscmst\vendor\cakephp\cakephp\src\Controller\ControllerFactory.php:134
- C:\xampp\htdocs\zscmst\vendor\cakephp\cakephp\src\Controller\ControllerFactory.php:114
- C:\xampp\htdocs\zscmst\vendor\cakephp\cakephp\src\Http\BaseApplication.php:320
- C:\xampp\htdocs\zscmst\vendor\cakephp\cakephp\src\Http\Runner.php:86
- C:\xampp\htdocs\zscmst\vendor\cakephp\cakephp\src\Http\Middleware\CsrfProtectionMiddleware.php:174
- C:\xampp\htdocs\zscmst\vendor\cakephp\cakephp\src\Http\Runner.php:82
- C:\xampp\htdocs\zscmst\vendor\cakephp\cakephp\src\Http\Middleware\BodyParserMiddleware.php:157
- C:\xampp\htdocs\zscmst\vendor\cakephp\cakephp\src\Http\Runner.php:82
- C:\xampp\htdocs\zscmst\vendor\cakephp\cakephp\src\Routing\Middleware\RoutingMiddleware.php:186
- C:\xampp\htdocs\zscmst\vendor\cakephp\cakephp\src\Http\Runner.php:82
- C:\xampp\htdocs\zscmst\vendor\cakephp\cakephp\src\Routing\Middleware\AssetMiddleware.php:77
- C:\xampp\htdocs\zscmst\vendor\cakephp\cakephp\src\Http\Runner.php:82
- C:\xampp\htdocs\zscmst\vendor\cakephp\cakephp\src\Error\Middleware\ErrorHandlerMiddleware.php:131
- C:\xampp\htdocs\zscmst\vendor\cakephp\cakephp\src\Http\Runner.php:82
- C:\xampp\htdocs\zscmst\vendor\cakephp\debug_kit\src\Middleware\DebugKitMiddleware.php:60
- C:\xampp\htdocs\zscmst\vendor\cakephp\cakephp\src\Http\Runner.php:82
- C:\xampp\htdocs\zscmst\vendor\cakephp\cakephp\src\Http\Runner.php:67
- C:\xampp\htdocs\zscmst\vendor\cakephp\cakephp\src\Http\Server.php:90
- C:\xampp\htdocs\zscmst\webroot\index.php:40

Request URL: /app/registrar/student-profile/controller.js?version=1695883989
Referer URL: http://localhost/zscmst/main
Client IP: 127.0.0.1
2023-09-28 06:53:13 error: [Cake\Controller\Exception\MissingActionException] Action AppController::medicalServices() could not be found, or is not accessible. in C:\xampp\htdocs\zscmst\vendor\cakephp\cakephp\src\Controller\Controller.php on line 526
Exception Attributes: array (
  'controller' => 'AppController',
  'action' => 'medicalServices',
  'prefix' => '',
  'plugin' => NULL,
)
Stack Trace:
- C:\xampp\htdocs\zscmst\vendor\cakephp\cakephp\src\Controller\ControllerFactory.php:134
- C:\xampp\htdocs\zscmst\vendor\cakephp\cakephp\src\Controller\ControllerFactory.php:114
- C:\xampp\htdocs\zscmst\vendor\cakephp\cakephp\src\Http\BaseApplication.php:320
- C:\xampp\htdocs\zscmst\vendor\cakephp\cakephp\src\Http\Runner.php:86
- C:\xampp\htdocs\zscmst\vendor\cakephp\cakephp\src\Http\Middleware\CsrfProtectionMiddleware.php:174
- C:\xampp\htdocs\zscmst\vendor\cakephp\cakephp\src\Http\Runner.php:82
- C:\xampp\htdocs\zscmst\vendor\cakephp\cakephp\src\Http\Middleware\BodyParserMiddleware.php:157
- C:\xampp\htdocs\zscmst\vendor\cakephp\cakephp\src\Http\Runner.php:82
- C:\xampp\htdocs\zscmst\vendor\cakephp\cakephp\src\Routing\Middleware\RoutingMiddleware.php:186
- C:\xampp\htdocs\zscmst\vendor\cakephp\cakephp\src\Http\Runner.php:82
- C:\xampp\htdocs\zscmst\vendor\cakephp\cakephp\src\Routing\Middleware\AssetMiddleware.php:77
- C:\xampp\htdocs\zscmst\vendor\cakephp\cakephp\src\Http\Runner.php:82
- C:\xampp\htdocs\zscmst\vendor\cakephp\cakephp\src\Error\Middleware\ErrorHandlerMiddleware.php:131
- C:\xampp\htdocs\zscmst\vendor\cakephp\cakephp\src\Http\Runner.php:82
- C:\xampp\htdocs\zscmst\vendor\cakephp\debug_kit\src\Middleware\DebugKitMiddleware.php:60
- C:\xampp\htdocs\zscmst\vendor\cakephp\cakephp\src\Http\Runner.php:82
- C:\xampp\htdocs\zscmst\vendor\cakephp\cakephp\src\Http\Runner.php:67
- C:\xampp\htdocs\zscmst\vendor\cakephp\cakephp\src\Http\Server.php:90
- C:\xampp\htdocs\zscmst\webroot\index.php:40

Request URL: /app/medical-services/medical-consent/service.js?version=1695883989
Referer URL: http://localhost/zscmst/main
Client IP: 127.0.0.1
2023-09-28 06:53:13 error: [Cake\Controller\Exception\MissingActionException] Action AppController::medicalServices() could not be found, or is not accessible. in C:\xampp\htdocs\zscmst\vendor\cakephp\cakephp\src\Controller\Controller.php on line 526
Exception Attributes: array (
  'controller' => 'AppController',
  'action' => 'medicalServices',
  'prefix' => '',
  'plugin' => NULL,
)
Stack Trace:
- C:\xampp\htdocs\zscmst\vendor\cakephp\cakephp\src\Controller\ControllerFactory.php:134
- C:\xampp\htdocs\zscmst\vendor\cakephp\cakephp\src\Controller\ControllerFactory.php:114
- C:\xampp\htdocs\zscmst\vendor\cakephp\cakephp\src\Http\BaseApplication.php:320
- C:\xampp\htdocs\zscmst\vendor\cakephp\cakephp\src\Http\Runner.php:86
- C:\xampp\htdocs\zscmst\vendor\cakephp\cakephp\src\Http\Middleware\CsrfProtectionMiddleware.php:174
- C:\xampp\htdocs\zscmst\vendor\cakephp\cakephp\src\Http\Runner.php:82
- C:\xampp\htdocs\zscmst\vendor\cakephp\cakephp\src\Http\Middleware\BodyParserMiddleware.php:157
- C:\xampp\htdocs\zscmst\vendor\cakephp\cakephp\src\Http\Runner.php:82
- C:\xampp\htdocs\zscmst\vendor\cakephp\cakephp\src\Routing\Middleware\RoutingMiddleware.php:186
- C:\xampp\htdocs\zscmst\vendor\cakephp\cakephp\src\Http\Runner.php:82
- C:\xampp\htdocs\zscmst\vendor\cakephp\cakephp\src\Routing\Middleware\AssetMiddleware.php:77
- C:\xampp\htdocs\zscmst\vendor\cakephp\cakephp\src\Http\Runner.php:82
- C:\xampp\htdocs\zscmst\vendor\cakephp\cakephp\src\Error\Middleware\ErrorHandlerMiddleware.php:131
- C:\xampp\htdocs\zscmst\vendor\cakephp\cakephp\src\Http\Runner.php:82
- C:\xampp\htdocs\zscmst\vendor\cakephp\debug_kit\src\Middleware\DebugKitMiddleware.php:60
- C:\xampp\htdocs\zscmst\vendor\cakephp\cakephp\src\Http\Runner.php:82
- C:\xampp\htdocs\zscmst\vendor\cakephp\cakephp\src\Http\Runner.php:67
- C:\xampp\htdocs\zscmst\vendor\cakephp\cakephp\src\Http\Server.php:90
- C:\xampp\htdocs\zscmst\webroot\index.php:40

Request URL: /app/medical-services/medical-consent/controller.js?version=1695883989
Referer URL: http://localhost/zscmst/main
Client IP: 127.0.0.1
2023-09-28 06:53:14 error: [Cake\Controller\Exception\MissingActionException] Action AppController::medicalServices() could not be found, or is not accessible. in C:\xampp\htdocs\zscmst\vendor\cakephp\cakephp\src\Controller\Controller.php on line 526
Exception Attributes: array (
  'controller' => 'AppController',
  'action' => 'medicalServices',
  'prefix' => '',
  'plugin' => NULL,
)
Stack Trace:
- C:\xampp\htdocs\zscmst\vendor\cakephp\cakephp\src\Controller\ControllerFactory.php:134
- C:\xampp\htdocs\zscmst\vendor\cakephp\cakephp\src\Controller\ControllerFactory.php:114
- C:\xampp\htdocs\zscmst\vendor\cakephp\cakephp\src\Http\BaseApplication.php:320
- C:\xampp\htdocs\zscmst\vendor\cakephp\cakephp\src\Http\Runner.php:86
- C:\xampp\htdocs\zscmst\vendor\cakephp\cakephp\src\Http\Middleware\CsrfProtectionMiddleware.php:174
- C:\xampp\htdocs\zscmst\vendor\cakephp\cakephp\src\Http\Runner.php:82
- C:\xampp\htdocs\zscmst\vendor\cakephp\cakephp\src\Http\Middleware\BodyParserMiddleware.php:157
- C:\xampp\htdocs\zscmst\vendor\cakephp\cakephp\src\Http\Runner.php:82
- C:\xampp\htdocs\zscmst\vendor\cakephp\cakephp\src\Routing\Middleware\RoutingMiddleware.php:186
- C:\xampp\htdocs\zscmst\vendor\cakephp\cakephp\src\Http\Runner.php:82
- C:\xampp\htdocs\zscmst\vendor\cakephp\cakephp\src\Routing\Middleware\AssetMiddleware.php:77
- C:\xampp\htdocs\zscmst\vendor\cakephp\cakephp\src\Http\Runner.php:82
- C:\xampp\htdocs\zscmst\vendor\cakephp\cakephp\src\Error\Middleware\ErrorHandlerMiddleware.php:131
- C:\xampp\htdocs\zscmst\vendor\cakephp\cakephp\src\Http\Runner.php:82
- C:\xampp\htdocs\zscmst\vendor\cakephp\debug_kit\src\Middleware\DebugKitMiddleware.php:60
- C:\xampp\htdocs\zscmst\vendor\cakephp\cakephp\src\Http\Runner.php:82
- C:\xampp\htdocs\zscmst\vendor\cakephp\cakephp\src\Http\Runner.php:67
- C:\xampp\htdocs\zscmst\vendor\cakephp\cakephp\src\Http\Server.php:90
- C:\xampp\htdocs\zscmst\webroot\index.php:40

Request URL: /app/medical-services/medical-consent/route.js?version=1695883989
Referer URL: http://localhost/zscmst/main
Client IP: 127.0.0.1
2023-09-28 06:53:15 error: [Cake\Controller\Exception\MissingActionException] Action AppController::registrar() could not be found, or is not accessible. in C:\xampp\htdocs\zscmst\vendor\cakephp\cakephp\src\Controller\Controller.php on line 526
Exception Attributes: array (
  'controller' => 'AppController',
  'action' => 'registrar',
  'prefix' => '',
  'plugin' => NULL,
)
Stack Trace:
- C:\xampp\htdocs\zscmst\vendor\cakephp\cakephp\src\Controller\ControllerFactory.php:134
- C:\xampp\htdocs\zscmst\vendor\cakephp\cakephp\src\Controller\ControllerFactory.php:114
- C:\xampp\htdocs\zscmst\vendor\cakephp\cakephp\src\Http\BaseApplication.php:320
- C:\xampp\htdocs\zscmst\vendor\cakephp\cakephp\src\Http\Runner.php:86
- C:\xampp\htdocs\zscmst\vendor\cakephp\cakephp\src\Http\Middleware\CsrfProtectionMiddleware.php:174
- C:\xampp\htdocs\zscmst\vendor\cakephp\cakephp\src\Http\Runner.php:82
- C:\xampp\htdocs\zscmst\vendor\cakephp\cakephp\src\Http\Middleware\BodyParserMiddleware.php:157
- C:\xampp\htdocs\zscmst\vendor\cakephp\cakephp\src\Http\Runner.php:82
- C:\xampp\htdocs\zscmst\vendor\cakephp\cakephp\src\Routing\Middleware\RoutingMiddleware.php:186
- C:\xampp\htdocs\zscmst\vendor\cakephp\cakephp\src\Http\Runner.php:82
- C:\xampp\htdocs\zscmst\vendor\cakephp\cakephp\src\Routing\Middleware\AssetMiddleware.php:77
- C:\xampp\htdocs\zscmst\vendor\cakephp\cakephp\src\Http\Runner.php:82
- C:\xampp\htdocs\zscmst\vendor\cakephp\cakephp\src\Error\Middleware\ErrorHandlerMiddleware.php:131
- C:\xampp\htdocs\zscmst\vendor\cakephp\cakephp\src\Http\Runner.php:82
- C:\xampp\htdocs\zscmst\vendor\cakephp\debug_kit\src\Middleware\DebugKitMiddleware.php:60
- C:\xampp\htdocs\zscmst\vendor\cakephp\cakephp\src\Http\Runner.php:82
- C:\xampp\htdocs\zscmst\vendor\cakephp\cakephp\src\Http\Runner.php:67
- C:\xampp\htdocs\zscmst\vendor\cakephp\cakephp\src\Http\Server.php:90
- C:\xampp\htdocs\zscmst\webroot\index.php:40

Request URL: /app/registrar/student-profile/controller.js?version=1695883989
Referer URL: http://localhost/zscmst/main
Client IP: 127.0.0.1
2023-09-28 06:53:16 error: [Cake\Controller\Exception\MissingActionException] Action AppController::medicalServices() could not be found, or is not accessible. in C:\xampp\htdocs\zscmst\vendor\cakephp\cakephp\src\Controller\Controller.php on line 526
Exception Attributes: array (
  'controller' => 'AppController',
  'action' => 'medicalServices',
  'prefix' => '',
  'plugin' => NULL,
)
Stack Trace:
- C:\xampp\htdocs\zscmst\vendor\cakephp\cakephp\src\Controller\ControllerFactory.php:134
- C:\xampp\htdocs\zscmst\vendor\cakephp\cakephp\src\Controller\ControllerFactory.php:114
- C:\xampp\htdocs\zscmst\vendor\cakephp\cakephp\src\Http\BaseApplication.php:320
- C:\xampp\htdocs\zscmst\vendor\cakephp\cakephp\src\Http\Runner.php:86
- C:\xampp\htdocs\zscmst\vendor\cakephp\cakephp\src\Http\Middleware\CsrfProtectionMiddleware.php:174
- C:\xampp\htdocs\zscmst\vendor\cakephp\cakephp\src\Http\Runner.php:82
- C:\xampp\htdocs\zscmst\vendor\cakephp\cakephp\src\Http\Middleware\BodyParserMiddleware.php:157
- C:\xampp\htdocs\zscmst\vendor\cakephp\cakephp\src\Http\Runner.php:82
- C:\xampp\htdocs\zscmst\vendor\cakephp\cakephp\src\Routing\Middleware\RoutingMiddleware.php:186
- C:\xampp\htdocs\zscmst\vendor\cakephp\cakephp\src\Http\Runner.php:82
- C:\xampp\htdocs\zscmst\vendor\cakephp\cakephp\src\Routing\Middleware\AssetMiddleware.php:77
- C:\xampp\htdocs\zscmst\vendor\cakephp\cakephp\src\Http\Runner.php:82
- C:\xampp\htdocs\zscmst\vendor\cakephp\cakephp\src\Error\Middleware\ErrorHandlerMiddleware.php:131
- C:\xampp\htdocs\zscmst\vendor\cakephp\cakephp\src\Http\Runner.php:82
- C:\xampp\htdocs\zscmst\vendor\cakephp\debug_kit\src\Middleware\DebugKitMiddleware.php:60
- C:\xampp\htdocs\zscmst\vendor\cakephp\cakephp\src\Http\Runner.php:82
- C:\xampp\htdocs\zscmst\vendor\cakephp\cakephp\src\Http\Runner.php:67
- C:\xampp\htdocs\zscmst\vendor\cakephp\cakephp\src\Http\Server.php:90
- C:\xampp\htdocs\zscmst\webroot\index.php:40

Request URL: /app/medical-services/medical-consent/service.js?version=1695883989
Referer URL: http://localhost/zscmst/main
Client IP: 127.0.0.1
2023-09-28 06:53:17 error: [Cake\Controller\Exception\MissingActionException] Action AppController::medicalServices() could not be found, or is not accessible. in C:\xampp\htdocs\zscmst\vendor\cakephp\cakephp\src\Controller\Controller.php on line 526
Exception Attributes: array (
  'controller' => 'AppController',
  'action' => 'medicalServices',
  'prefix' => '',
  'plugin' => NULL,
)
Stack Trace:
- C:\xampp\htdocs\zscmst\vendor\cakephp\cakephp\src\Controller\ControllerFactory.php:134
- C:\xampp\htdocs\zscmst\vendor\cakephp\cakephp\src\Controller\ControllerFactory.php:114
- C:\xampp\htdocs\zscmst\vendor\cakephp\cakephp\src\Http\BaseApplication.php:320
- C:\xampp\htdocs\zscmst\vendor\cakephp\cakephp\src\Http\Runner.php:86
- C:\xampp\htdocs\zscmst\vendor\cakephp\cakephp\src\Http\Middleware\CsrfProtectionMiddleware.php:174
- C:\xampp\htdocs\zscmst\vendor\cakephp\cakephp\src\Http\Runner.php:82
- C:\xampp\htdocs\zscmst\vendor\cakephp\cakephp\src\Http\Middleware\BodyParserMiddleware.php:157
- C:\xampp\htdocs\zscmst\vendor\cakephp\cakephp\src\Http\Runner.php:82
- C:\xampp\htdocs\zscmst\vendor\cakephp\cakephp\src\Routing\Middleware\RoutingMiddleware.php:186
- C:\xampp\htdocs\zscmst\vendor\cakephp\cakephp\src\Http\Runner.php:82
- C:\xampp\htdocs\zscmst\vendor\cakephp\cakephp\src\Routing\Middleware\AssetMiddleware.php:77
- C:\xampp\htdocs\zscmst\vendor\cakephp\cakephp\src\Http\Runner.php:82
- C:\xampp\htdocs\zscmst\vendor\cakephp\cakephp\src\Error\Middleware\ErrorHandlerMiddleware.php:131
- C:\xampp\htdocs\zscmst\vendor\cakephp\cakephp\src\Http\Runner.php:82
- C:\xampp\htdocs\zscmst\vendor\cakephp\debug_kit\src\Middleware\DebugKitMiddleware.php:60
- C:\xampp\htdocs\zscmst\vendor\cakephp\cakephp\src\Http\Runner.php:82
- C:\xampp\htdocs\zscmst\vendor\cakephp\cakephp\src\Http\Runner.php:67
- C:\xampp\htdocs\zscmst\vendor\cakephp\cakephp\src\Http\Server.php:90
- C:\xampp\htdocs\zscmst\webroot\index.php:40

Request URL: /app/medical-services/medical-consent/route.js?version=1695883989
Referer URL: http://localhost/zscmst/main
Client IP: 127.0.0.1
2023-09-28 06:53:17 error: [Cake\Controller\Exception\MissingActionException] Action AppController::medicalServices() could not be found, or is not accessible. in C:\xampp\htdocs\zscmst\vendor\cakephp\cakephp\src\Controller\Controller.php on line 526
Exception Attributes: array (
  'controller' => 'AppController',
  'action' => 'medicalServices',
  'prefix' => '',
  'plugin' => NULL,
)
Stack Trace:
- C:\xampp\htdocs\zscmst\vendor\cakephp\cakephp\src\Controller\ControllerFactory.php:134
- C:\xampp\htdocs\zscmst\vendor\cakephp\cakephp\src\Controller\ControllerFactory.php:114
- C:\xampp\htdocs\zscmst\vendor\cakephp\cakephp\src\Http\BaseApplication.php:320
- C:\xampp\htdocs\zscmst\vendor\cakephp\cakephp\src\Http\Runner.php:86
- C:\xampp\htdocs\zscmst\vendor\cakephp\cakephp\src\Http\Middleware\CsrfProtectionMiddleware.php:174
- C:\xampp\htdocs\zscmst\vendor\cakephp\cakephp\src\Http\Runner.php:82
- C:\xampp\htdocs\zscmst\vendor\cakephp\cakephp\src\Http\Middleware\BodyParserMiddleware.php:157
- C:\xampp\htdocs\zscmst\vendor\cakephp\cakephp\src\Http\Runner.php:82
- C:\xampp\htdocs\zscmst\vendor\cakephp\cakephp\src\Routing\Middleware\RoutingMiddleware.php:186
- C:\xampp\htdocs\zscmst\vendor\cakephp\cakephp\src\Http\Runner.php:82
- C:\xampp\htdocs\zscmst\vendor\cakephp\cakephp\src\Routing\Middleware\AssetMiddleware.php:77
- C:\xampp\htdocs\zscmst\vendor\cakephp\cakephp\src\Http\Runner.php:82
- C:\xampp\htdocs\zscmst\vendor\cakephp\cakephp\src\Error\Middleware\ErrorHandlerMiddleware.php:131
- C:\xampp\htdocs\zscmst\vendor\cakephp\cakephp\src\Http\Runner.php:82
- C:\xampp\htdocs\zscmst\vendor\cakephp\debug_kit\src\Middleware\DebugKitMiddleware.php:60
- C:\xampp\htdocs\zscmst\vendor\cakephp\cakephp\src\Http\Runner.php:82
- C:\xampp\htdocs\zscmst\vendor\cakephp\cakephp\src\Http\Runner.php:67
- C:\xampp\htdocs\zscmst\vendor\cakephp\cakephp\src\Http\Server.php:90
- C:\xampp\htdocs\zscmst\webroot\index.php:40

Request URL: /app/medical-services/medical-consent/controller.js?version=1695883989
Referer URL: http://localhost/zscmst/main
Client IP: 127.0.0.1
2023-09-28 06:54:44 error: [Cake\Controller\Exception\MissingActionException] Action AppController::registrar() could not be found, or is not accessible. in C:\xampp\htdocs\zscmst\vendor\cakephp\cakephp\src\Controller\Controller.php on line 526
Exception Attributes: array (
  'controller' => 'AppController',
  'action' => 'registrar',
  'prefix' => '',
  'plugin' => NULL,
)
Stack Trace:
- C:\xampp\htdocs\zscmst\vendor\cakephp\cakephp\src\Controller\ControllerFactory.php:134
- C:\xampp\htdocs\zscmst\vendor\cakephp\cakephp\src\Controller\ControllerFactory.php:114
- C:\xampp\htdocs\zscmst\vendor\cakephp\cakephp\src\Http\BaseApplication.php:320
- C:\xampp\htdocs\zscmst\vendor\cakephp\cakephp\src\Http\Runner.php:86
- C:\xampp\htdocs\zscmst\vendor\cakephp\cakephp\src\Http\Middleware\CsrfProtectionMiddleware.php:174
- C:\xampp\htdocs\zscmst\vendor\cakephp\cakephp\src\Http\Runner.php:82
- C:\xampp\htdocs\zscmst\vendor\cakephp\cakephp\src\Http\Middleware\BodyParserMiddleware.php:157
- C:\xampp\htdocs\zscmst\vendor\cakephp\cakephp\src\Http\Runner.php:82
- C:\xampp\htdocs\zscmst\vendor\cakephp\cakephp\src\Routing\Middleware\RoutingMiddleware.php:186
- C:\xampp\htdocs\zscmst\vendor\cakephp\cakephp\src\Http\Runner.php:82
- C:\xampp\htdocs\zscmst\vendor\cakephp\cakephp\src\Routing\Middleware\AssetMiddleware.php:77
- C:\xampp\htdocs\zscmst\vendor\cakephp\cakephp\src\Http\Runner.php:82
- C:\xampp\htdocs\zscmst\vendor\cakephp\cakephp\src\Error\Middleware\ErrorHandlerMiddleware.php:131
- C:\xampp\htdocs\zscmst\vendor\cakephp\cakephp\src\Http\Runner.php:82
- C:\xampp\htdocs\zscmst\vendor\cakephp\debug_kit\src\Middleware\DebugKitMiddleware.php:60
- C:\xampp\htdocs\zscmst\vendor\cakephp\cakephp\src\Http\Runner.php:82
- C:\xampp\htdocs\zscmst\vendor\cakephp\cakephp\src\Http\Runner.php:67
- C:\xampp\htdocs\zscmst\vendor\cakephp\cakephp\src\Http\Server.php:90
- C:\xampp\htdocs\zscmst\webroot\index.php:40

Request URL: /app/registrar/student-profile/controller.js?version=1695884081
Referer URL: http://localhost/zscmst/main
Client IP: 127.0.0.1
2023-09-28 06:54:45 error: [Cake\Controller\Exception\MissingActionException] Action AppController::medicalServices() could not be found, or is not accessible. in C:\xampp\htdocs\zscmst\vendor\cakephp\cakephp\src\Controller\Controller.php on line 526
Exception Attributes: array (
  'controller' => 'AppController',
  'action' => 'medicalServices',
  'prefix' => '',
  'plugin' => NULL,
)
Stack Trace:
- C:\xampp\htdocs\zscmst\vendor\cakephp\cakephp\src\Controller\ControllerFactory.php:134
- C:\xampp\htdocs\zscmst\vendor\cakephp\cakephp\src\Controller\ControllerFactory.php:114
- C:\xampp\htdocs\zscmst\vendor\cakephp\cakephp\src\Http\BaseApplication.php:320
- C:\xampp\htdocs\zscmst\vendor\cakephp\cakephp\src\Http\Runner.php:86
- C:\xampp\htdocs\zscmst\vendor\cakephp\cakephp\src\Http\Middleware\CsrfProtectionMiddleware.php:174
- C:\xampp\htdocs\zscmst\vendor\cakephp\cakephp\src\Http\Runner.php:82
- C:\xampp\htdocs\zscmst\vendor\cakephp\cakephp\src\Http\Middleware\BodyParserMiddleware.php:157
- C:\xampp\htdocs\zscmst\vendor\cakephp\cakephp\src\Http\Runner.php:82
- C:\xampp\htdocs\zscmst\vendor\cakephp\cakephp\src\Routing\Middleware\RoutingMiddleware.php:186
- C:\xampp\htdocs\zscmst\vendor\cakephp\cakephp\src\Http\Runner.php:82
- C:\xampp\htdocs\zscmst\vendor\cakephp\cakephp\src\Routing\Middleware\AssetMiddleware.php:77
- C:\xampp\htdocs\zscmst\vendor\cakephp\cakephp\src\Http\Runner.php:82
- C:\xampp\htdocs\zscmst\vendor\cakephp\cakephp\src\Error\Middleware\ErrorHandlerMiddleware.php:131
- C:\xampp\htdocs\zscmst\vendor\cakephp\cakephp\src\Http\Runner.php:82
- C:\xampp\htdocs\zscmst\vendor\cakephp\debug_kit\src\Middleware\DebugKitMiddleware.php:60
- C:\xampp\htdocs\zscmst\vendor\cakephp\cakephp\src\Http\Runner.php:82
- C:\xampp\htdocs\zscmst\vendor\cakephp\cakephp\src\Http\Runner.php:67
- C:\xampp\htdocs\zscmst\vendor\cakephp\cakephp\src\Http\Server.php:90
- C:\xampp\htdocs\zscmst\webroot\index.php:40

Request URL: /app/medical-services/medical-consent/service.js?version=1695884081
Referer URL: http://localhost/zscmst/main
Client IP: 127.0.0.1
2023-09-28 06:54:46 error: [Cake\Controller\Exception\MissingActionException] Action AppController::medicalServices() could not be found, or is not accessible. in C:\xampp\htdocs\zscmst\vendor\cakephp\cakephp\src\Controller\Controller.php on line 526
Exception Attributes: array (
  'controller' => 'AppController',
  'action' => 'medicalServices',
  'prefix' => '',
  'plugin' => NULL,
)
Stack Trace:
- C:\xampp\htdocs\zscmst\vendor\cakephp\cakephp\src\Controller\ControllerFactory.php:134
- C:\xampp\htdocs\zscmst\vendor\cakephp\cakephp\src\Controller\ControllerFactory.php:114
- C:\xampp\htdocs\zscmst\vendor\cakephp\cakephp\src\Http\BaseApplication.php:320
- C:\xampp\htdocs\zscmst\vendor\cakephp\cakephp\src\Http\Runner.php:86
- C:\xampp\htdocs\zscmst\vendor\cakephp\cakephp\src\Http\Middleware\CsrfProtectionMiddleware.php:174
- C:\xampp\htdocs\zscmst\vendor\cakephp\cakephp\src\Http\Runner.php:82
- C:\xampp\htdocs\zscmst\vendor\cakephp\cakephp\src\Http\Middleware\BodyParserMiddleware.php:157
- C:\xampp\htdocs\zscmst\vendor\cakephp\cakephp\src\Http\Runner.php:82
- C:\xampp\htdocs\zscmst\vendor\cakephp\cakephp\src\Routing\Middleware\RoutingMiddleware.php:186
- C:\xampp\htdocs\zscmst\vendor\cakephp\cakephp\src\Http\Runner.php:82
- C:\xampp\htdocs\zscmst\vendor\cakephp\cakephp\src\Routing\Middleware\AssetMiddleware.php:77
- C:\xampp\htdocs\zscmst\vendor\cakephp\cakephp\src\Http\Runner.php:82
- C:\xampp\htdocs\zscmst\vendor\cakephp\cakephp\src\Error\Middleware\ErrorHandlerMiddleware.php:131
- C:\xampp\htdocs\zscmst\vendor\cakephp\cakephp\src\Http\Runner.php:82
- C:\xampp\htdocs\zscmst\vendor\cakephp\debug_kit\src\Middleware\DebugKitMiddleware.php:60
- C:\xampp\htdocs\zscmst\vendor\cakephp\cakephp\src\Http\Runner.php:82
- C:\xampp\htdocs\zscmst\vendor\cakephp\cakephp\src\Http\Runner.php:67
- C:\xampp\htdocs\zscmst\vendor\cakephp\cakephp\src\Http\Server.php:90
- C:\xampp\htdocs\zscmst\webroot\index.php:40

Request URL: /app/medical-services/medical-consent/route.js?version=1695884081
Referer URL: http://localhost/zscmst/main
Client IP: 127.0.0.1
2023-09-28 06:54:46 error: [Cake\Controller\Exception\MissingActionException] Action AppController::medicalServices() could not be found, or is not accessible. in C:\xampp\htdocs\zscmst\vendor\cakephp\cakephp\src\Controller\Controller.php on line 526
Exception Attributes: array (
  'controller' => 'AppController',
  'action' => 'medicalServices',
  'prefix' => '',
  'plugin' => NULL,
)
Stack Trace:
- C:\xampp\htdocs\zscmst\vendor\cakephp\cakephp\src\Controller\ControllerFactory.php:134
- C:\xampp\htdocs\zscmst\vendor\cakephp\cakephp\src\Controller\ControllerFactory.php:114
- C:\xampp\htdocs\zscmst\vendor\cakephp\cakephp\src\Http\BaseApplication.php:320
- C:\xampp\htdocs\zscmst\vendor\cakephp\cakephp\src\Http\Runner.php:86
- C:\xampp\htdocs\zscmst\vendor\cakephp\cakephp\src\Http\Middleware\CsrfProtectionMiddleware.php:174
- C:\xampp\htdocs\zscmst\vendor\cakephp\cakephp\src\Http\Runner.php:82
- C:\xampp\htdocs\zscmst\vendor\cakephp\cakephp\src\Http\Middleware\BodyParserMiddleware.php:157
- C:\xampp\htdocs\zscmst\vendor\cakephp\cakephp\src\Http\Runner.php:82
- C:\xampp\htdocs\zscmst\vendor\cakephp\cakephp\src\Routing\Middleware\RoutingMiddleware.php:186
- C:\xampp\htdocs\zscmst\vendor\cakephp\cakephp\src\Http\Runner.php:82
- C:\xampp\htdocs\zscmst\vendor\cakephp\cakephp\src\Routing\Middleware\AssetMiddleware.php:77
- C:\xampp\htdocs\zscmst\vendor\cakephp\cakephp\src\Http\Runner.php:82
- C:\xampp\htdocs\zscmst\vendor\cakephp\cakephp\src\Error\Middleware\ErrorHandlerMiddleware.php:131
- C:\xampp\htdocs\zscmst\vendor\cakephp\cakephp\src\Http\Runner.php:82
- C:\xampp\htdocs\zscmst\vendor\cakephp\debug_kit\src\Middleware\DebugKitMiddleware.php:60
- C:\xampp\htdocs\zscmst\vendor\cakephp\cakephp\src\Http\Runner.php:82
- C:\xampp\htdocs\zscmst\vendor\cakephp\cakephp\src\Http\Runner.php:67
- C:\xampp\htdocs\zscmst\vendor\cakephp\cakephp\src\Http\Server.php:90
- C:\xampp\htdocs\zscmst\webroot\index.php:40

Request URL: /app/medical-services/medical-consent/controller.js?version=1695884081
Referer URL: http://localhost/zscmst/main
Client IP: 127.0.0.1
2023-09-28 06:54:47 error: [Cake\Controller\Exception\MissingActionException] Action AppController::registrar() could not be found, or is not accessible. in C:\xampp\htdocs\zscmst\vendor\cakephp\cakephp\src\Controller\Controller.php on line 526
Exception Attributes: array (
  'controller' => 'AppController',
  'action' => 'registrar',
  'prefix' => '',
  'plugin' => NULL,
)
Stack Trace:
- C:\xampp\htdocs\zscmst\vendor\cakephp\cakephp\src\Controller\ControllerFactory.php:134
- C:\xampp\htdocs\zscmst\vendor\cakephp\cakephp\src\Controller\ControllerFactory.php:114
- C:\xampp\htdocs\zscmst\vendor\cakephp\cakephp\src\Http\BaseApplication.php:320
- C:\xampp\htdocs\zscmst\vendor\cakephp\cakephp\src\Http\Runner.php:86
- C:\xampp\htdocs\zscmst\vendor\cakephp\cakephp\src\Http\Middleware\CsrfProtectionMiddleware.php:174
- C:\xampp\htdocs\zscmst\vendor\cakephp\cakephp\src\Http\Runner.php:82
- C:\xampp\htdocs\zscmst\vendor\cakephp\cakephp\src\Http\Middleware\BodyParserMiddleware.php:157
- C:\xampp\htdocs\zscmst\vendor\cakephp\cakephp\src\Http\Runner.php:82
- C:\xampp\htdocs\zscmst\vendor\cakephp\cakephp\src\Routing\Middleware\RoutingMiddleware.php:186
- C:\xampp\htdocs\zscmst\vendor\cakephp\cakephp\src\Http\Runner.php:82
- C:\xampp\htdocs\zscmst\vendor\cakephp\cakephp\src\Routing\Middleware\AssetMiddleware.php:77
- C:\xampp\htdocs\zscmst\vendor\cakephp\cakephp\src\Http\Runner.php:82
- C:\xampp\htdocs\zscmst\vendor\cakephp\cakephp\src\Error\Middleware\ErrorHandlerMiddleware.php:131
- C:\xampp\htdocs\zscmst\vendor\cakephp\cakephp\src\Http\Runner.php:82
- C:\xampp\htdocs\zscmst\vendor\cakephp\debug_kit\src\Middleware\DebugKitMiddleware.php:60
- C:\xampp\htdocs\zscmst\vendor\cakephp\cakephp\src\Http\Runner.php:82
- C:\xampp\htdocs\zscmst\vendor\cakephp\cakephp\src\Http\Runner.php:67
- C:\xampp\htdocs\zscmst\vendor\cakephp\cakephp\src\Http\Server.php:90
- C:\xampp\htdocs\zscmst\webroot\index.php:40

Request URL: /app/registrar/student-profile/controller.js?version=1695884081
Referer URL: http://localhost/zscmst/main
Client IP: 127.0.0.1
2023-09-28 06:54:47 error: [Cake\Controller\Exception\MissingActionException] Action AppController::medicalServices() could not be found, or is not accessible. in C:\xampp\htdocs\zscmst\vendor\cakephp\cakephp\src\Controller\Controller.php on line 526
Exception Attributes: array (
  'controller' => 'AppController',
  'action' => 'medicalServices',
  'prefix' => '',
  'plugin' => NULL,
)
Stack Trace:
- C:\xampp\htdocs\zscmst\vendor\cakephp\cakephp\src\Controller\ControllerFactory.php:134
- C:\xampp\htdocs\zscmst\vendor\cakephp\cakephp\src\Controller\ControllerFactory.php:114
- C:\xampp\htdocs\zscmst\vendor\cakephp\cakephp\src\Http\BaseApplication.php:320
- C:\xampp\htdocs\zscmst\vendor\cakephp\cakephp\src\Http\Runner.php:86
- C:\xampp\htdocs\zscmst\vendor\cakephp\cakephp\src\Http\Middleware\CsrfProtectionMiddleware.php:174
- C:\xampp\htdocs\zscmst\vendor\cakephp\cakephp\src\Http\Runner.php:82
- C:\xampp\htdocs\zscmst\vendor\cakephp\cakephp\src\Http\Middleware\BodyParserMiddleware.php:157
- C:\xampp\htdocs\zscmst\vendor\cakephp\cakephp\src\Http\Runner.php:82
- C:\xampp\htdocs\zscmst\vendor\cakephp\cakephp\src\Routing\Middleware\RoutingMiddleware.php:186
- C:\xampp\htdocs\zscmst\vendor\cakephp\cakephp\src\Http\Runner.php:82
- C:\xampp\htdocs\zscmst\vendor\cakephp\cakephp\src\Routing\Middleware\AssetMiddleware.php:77
- C:\xampp\htdocs\zscmst\vendor\cakephp\cakephp\src\Http\Runner.php:82
- C:\xampp\htdocs\zscmst\vendor\cakephp\cakephp\src\Error\Middleware\ErrorHandlerMiddleware.php:131
- C:\xampp\htdocs\zscmst\vendor\cakephp\cakephp\src\Http\Runner.php:82
- C:\xampp\htdocs\zscmst\vendor\cakephp\debug_kit\src\Middleware\DebugKitMiddleware.php:60
- C:\xampp\htdocs\zscmst\vendor\cakephp\cakephp\src\Http\Runner.php:82
- C:\xampp\htdocs\zscmst\vendor\cakephp\cakephp\src\Http\Runner.php:67
- C:\xampp\htdocs\zscmst\vendor\cakephp\cakephp\src\Http\Server.php:90
- C:\xampp\htdocs\zscmst\webroot\index.php:40

Request URL: /app/medical-services/medical-consent/service.js?version=1695884081
Referer URL: http://localhost/zscmst/main
Client IP: 127.0.0.1
2023-09-28 06:54:48 error: [Cake\Controller\Exception\MissingActionException] Action AppController::medicalServices() could not be found, or is not accessible. in C:\xampp\htdocs\zscmst\vendor\cakephp\cakephp\src\Controller\Controller.php on line 526
Exception Attributes: array (
  'controller' => 'AppController',
  'action' => 'medicalServices',
  'prefix' => '',
  'plugin' => NULL,
)
Stack Trace:
- C:\xampp\htdocs\zscmst\vendor\cakephp\cakephp\src\Controller\ControllerFactory.php:134
- C:\xampp\htdocs\zscmst\vendor\cakephp\cakephp\src\Controller\ControllerFactory.php:114
- C:\xampp\htdocs\zscmst\vendor\cakephp\cakephp\src\Http\BaseApplication.php:320
- C:\xampp\htdocs\zscmst\vendor\cakephp\cakephp\src\Http\Runner.php:86
- C:\xampp\htdocs\zscmst\vendor\cakephp\cakephp\src\Http\Middleware\CsrfProtectionMiddleware.php:174
- C:\xampp\htdocs\zscmst\vendor\cakephp\cakephp\src\Http\Runner.php:82
- C:\xampp\htdocs\zscmst\vendor\cakephp\cakephp\src\Http\Middleware\BodyParserMiddleware.php:157
- C:\xampp\htdocs\zscmst\vendor\cakephp\cakephp\src\Http\Runner.php:82
- C:\xampp\htdocs\zscmst\vendor\cakephp\cakephp\src\Routing\Middleware\RoutingMiddleware.php:186
- C:\xampp\htdocs\zscmst\vendor\cakephp\cakephp\src\Http\Runner.php:82
- C:\xampp\htdocs\zscmst\vendor\cakephp\cakephp\src\Routing\Middleware\AssetMiddleware.php:77
- C:\xampp\htdocs\zscmst\vendor\cakephp\cakephp\src\Http\Runner.php:82
- C:\xampp\htdocs\zscmst\vendor\cakephp\cakephp\src\Error\Middleware\ErrorHandlerMiddleware.php:131
- C:\xampp\htdocs\zscmst\vendor\cakephp\cakephp\src\Http\Runner.php:82
- C:\xampp\htdocs\zscmst\vendor\cakephp\debug_kit\src\Middleware\DebugKitMiddleware.php:60
- C:\xampp\htdocs\zscmst\vendor\cakephp\cakephp\src\Http\Runner.php:82
- C:\xampp\htdocs\zscmst\vendor\cakephp\cakephp\src\Http\Runner.php:67
- C:\xampp\htdocs\zscmst\vendor\cakephp\cakephp\src\Http\Server.php:90
- C:\xampp\htdocs\zscmst\webroot\index.php:40

Request URL: /app/medical-services/medical-consent/route.js?version=1695884081
Referer URL: http://localhost/zscmst/main
Client IP: 127.0.0.1
2023-09-28 06:54:48 error: [Cake\Controller\Exception\MissingActionException] Action AppController::medicalServices() could not be found, or is not accessible. in C:\xampp\htdocs\zscmst\vendor\cakephp\cakephp\src\Controller\Controller.php on line 526
Exception Attributes: array (
  'controller' => 'AppController',
  'action' => 'medicalServices',
  'prefix' => '',
  'plugin' => NULL,
)
Stack Trace:
- C:\xampp\htdocs\zscmst\vendor\cakephp\cakephp\src\Controller\ControllerFactory.php:134
- C:\xampp\htdocs\zscmst\vendor\cakephp\cakephp\src\Controller\ControllerFactory.php:114
- C:\xampp\htdocs\zscmst\vendor\cakephp\cakephp\src\Http\BaseApplication.php:320
- C:\xampp\htdocs\zscmst\vendor\cakephp\cakephp\src\Http\Runner.php:86
- C:\xampp\htdocs\zscmst\vendor\cakephp\cakephp\src\Http\Middleware\CsrfProtectionMiddleware.php:174
- C:\xampp\htdocs\zscmst\vendor\cakephp\cakephp\src\Http\Runner.php:82
- C:\xampp\htdocs\zscmst\vendor\cakephp\cakephp\src\Http\Middleware\BodyParserMiddleware.php:157
- C:\xampp\htdocs\zscmst\vendor\cakephp\cakephp\src\Http\Runner.php:82
- C:\xampp\htdocs\zscmst\vendor\cakephp\cakephp\src\Routing\Middleware\RoutingMiddleware.php:186
- C:\xampp\htdocs\zscmst\vendor\cakephp\cakephp\src\Http\Runner.php:82
- C:\xampp\htdocs\zscmst\vendor\cakephp\cakephp\src\Routing\Middleware\AssetMiddleware.php:77
- C:\xampp\htdocs\zscmst\vendor\cakephp\cakephp\src\Http\Runner.php:82
- C:\xampp\htdocs\zscmst\vendor\cakephp\cakephp\src\Error\Middleware\ErrorHandlerMiddleware.php:131
- C:\xampp\htdocs\zscmst\vendor\cakephp\cakephp\src\Http\Runner.php:82
- C:\xampp\htdocs\zscmst\vendor\cakephp\debug_kit\src\Middleware\DebugKitMiddleware.php:60
- C:\xampp\htdocs\zscmst\vendor\cakephp\cakephp\src\Http\Runner.php:82
- C:\xampp\htdocs\zscmst\vendor\cakephp\cakephp\src\Http\Runner.php:67
- C:\xampp\htdocs\zscmst\vendor\cakephp\cakephp\src\Http\Server.php:90
- C:\xampp\htdocs\zscmst\webroot\index.php:40

Request URL: /app/medical-services/medical-consent/controller.js?version=1695884081
Referer URL: http://localhost/zscmst/main
Client IP: 127.0.0.1
2023-09-28 14:57:20 error: [Cake\Controller\Exception\MissingActionException] Action MainController::bg() could not be found, or is not accessible. in C:\xampp\htdocs\zscmst\vendor\cakephp\cakephp\src\Controller\Controller.php on line 526
Exception Attributes: array (
  'controller' => 'MainController',
  'action' => 'bg',
  'prefix' => '',
  'plugin' => NULL,
)
Stack Trace:
- C:\xampp\htdocs\zscmst\vendor\cakephp\cakephp\src\Controller\ControllerFactory.php:134
- C:\xampp\htdocs\zscmst\vendor\cakephp\cakephp\src\Controller\ControllerFactory.php:114
- C:\xampp\htdocs\zscmst\vendor\cakephp\cakephp\src\Http\BaseApplication.php:320
- C:\xampp\htdocs\zscmst\vendor\cakephp\cakephp\src\Http\Runner.php:86
- C:\xampp\htdocs\zscmst\vendor\cakephp\cakephp\src\Http\Middleware\CsrfProtectionMiddleware.php:174
- C:\xampp\htdocs\zscmst\vendor\cakephp\cakephp\src\Http\Runner.php:82
- C:\xampp\htdocs\zscmst\vendor\cakephp\cakephp\src\Http\Middleware\BodyParserMiddleware.php:157
- C:\xampp\htdocs\zscmst\vendor\cakephp\cakephp\src\Http\Runner.php:82
- C:\xampp\htdocs\zscmst\vendor\cakephp\cakephp\src\Routing\Middleware\RoutingMiddleware.php:186
- C:\xampp\htdocs\zscmst\vendor\cakephp\cakephp\src\Http\Runner.php:82
- C:\xampp\htdocs\zscmst\vendor\cakephp\cakephp\src\Routing\Middleware\AssetMiddleware.php:77
- C:\xampp\htdocs\zscmst\vendor\cakephp\cakephp\src\Http\Runner.php:82
- C:\xampp\htdocs\zscmst\vendor\cakephp\cakephp\src\Error\Middleware\ErrorHandlerMiddleware.php:131
- C:\xampp\htdocs\zscmst\vendor\cakephp\cakephp\src\Http\Runner.php:82
- C:\xampp\htdocs\zscmst\vendor\cakephp\debug_kit\src\Middleware\DebugKitMiddleware.php:60
- C:\xampp\htdocs\zscmst\vendor\cakephp\cakephp\src\Http\Runner.php:82
- C:\xampp\htdocs\zscmst\vendor\cakephp\cakephp\src\Http\Runner.php:67
- C:\xampp\htdocs\zscmst\vendor\cakephp\cakephp\src\Http\Server.php:90
- C:\xampp\htdocs\zscmst\webroot\index.php:40

Request URL: /main/bg/bg1.png
Referer URL: http://localhost/zscmst/main/login?redirect=%2Fmain
Client IP: 127.0.0.1
2023-09-28 06:57:33 error: [Cake\Controller\Exception\MissingActionException] Action AppController::registrar() could not be found, or is not accessible. in C:\xampp\htdocs\zscmst\vendor\cakephp\cakephp\src\Controller\Controller.php on line 526
Exception Attributes: array (
  'controller' => 'AppController',
  'action' => 'registrar',
  'prefix' => '',
  'plugin' => NULL,
)
Stack Trace:
- C:\xampp\htdocs\zscmst\vendor\cakephp\cakephp\src\Controller\ControllerFactory.php:134
- C:\xampp\htdocs\zscmst\vendor\cakephp\cakephp\src\Controller\ControllerFactory.php:114
- C:\xampp\htdocs\zscmst\vendor\cakephp\cakephp\src\Http\BaseApplication.php:320
- C:\xampp\htdocs\zscmst\vendor\cakephp\cakephp\src\Http\Runner.php:86
- C:\xampp\htdocs\zscmst\vendor\cakephp\cakephp\src\Http\Middleware\CsrfProtectionMiddleware.php:174
- C:\xampp\htdocs\zscmst\vendor\cakephp\cakephp\src\Http\Runner.php:82
- C:\xampp\htdocs\zscmst\vendor\cakephp\cakephp\src\Http\Middleware\BodyParserMiddleware.php:157
- C:\xampp\htdocs\zscmst\vendor\cakephp\cakephp\src\Http\Runner.php:82
- C:\xampp\htdocs\zscmst\vendor\cakephp\cakephp\src\Routing\Middleware\RoutingMiddleware.php:186
- C:\xampp\htdocs\zscmst\vendor\cakephp\cakephp\src\Http\Runner.php:82
- C:\xampp\htdocs\zscmst\vendor\cakephp\cakephp\src\Routing\Middleware\AssetMiddleware.php:77
- C:\xampp\htdocs\zscmst\vendor\cakephp\cakephp\src\Http\Runner.php:82
- C:\xampp\htdocs\zscmst\vendor\cakephp\cakephp\src\Error\Middleware\ErrorHandlerMiddleware.php:131
- C:\xampp\htdocs\zscmst\vendor\cakephp\cakephp\src\Http\Runner.php:82
- C:\xampp\htdocs\zscmst\vendor\cakephp\debug_kit\src\Middleware\DebugKitMiddleware.php:60
- C:\xampp\htdocs\zscmst\vendor\cakephp\cakephp\src\Http\Runner.php:82
- C:\xampp\htdocs\zscmst\vendor\cakephp\cakephp\src\Http\Runner.php:67
- C:\xampp\htdocs\zscmst\vendor\cakephp\cakephp\src\Http\Server.php:90
- C:\xampp\htdocs\zscmst\webroot\index.php:40

Request URL: /app/registrar/student-profile/controller.js?version=1695884251
Referer URL: http://localhost/zscmst/main
Client IP: 127.0.0.1
2023-09-28 06:57:34 error: [Cake\Controller\Exception\MissingActionException] Action AppController::medicalServices() could not be found, or is not accessible. in C:\xampp\htdocs\zscmst\vendor\cakephp\cakephp\src\Controller\Controller.php on line 526
Exception Attributes: array (
  'controller' => 'AppController',
  'action' => 'medicalServices',
  'prefix' => '',
  'plugin' => NULL,
)
Stack Trace:
- C:\xampp\htdocs\zscmst\vendor\cakephp\cakephp\src\Controller\ControllerFactory.php:134
- C:\xampp\htdocs\zscmst\vendor\cakephp\cakephp\src\Controller\ControllerFactory.php:114
- C:\xampp\htdocs\zscmst\vendor\cakephp\cakephp\src\Http\BaseApplication.php:320
- C:\xampp\htdocs\zscmst\vendor\cakephp\cakephp\src\Http\Runner.php:86
- C:\xampp\htdocs\zscmst\vendor\cakephp\cakephp\src\Http\Middleware\CsrfProtectionMiddleware.php:174
- C:\xampp\htdocs\zscmst\vendor\cakephp\cakephp\src\Http\Runner.php:82
- C:\xampp\htdocs\zscmst\vendor\cakephp\cakephp\src\Http\Middleware\BodyParserMiddleware.php:157
- C:\xampp\htdocs\zscmst\vendor\cakephp\cakephp\src\Http\Runner.php:82
- C:\xampp\htdocs\zscmst\vendor\cakephp\cakephp\src\Routing\Middleware\RoutingMiddleware.php:186
- C:\xampp\htdocs\zscmst\vendor\cakephp\cakephp\src\Http\Runner.php:82
- C:\xampp\htdocs\zscmst\vendor\cakephp\cakephp\src\Routing\Middleware\AssetMiddleware.php:77
- C:\xampp\htdocs\zscmst\vendor\cakephp\cakephp\src\Http\Runner.php:82
- C:\xampp\htdocs\zscmst\vendor\cakephp\cakephp\src\Error\Middleware\ErrorHandlerMiddleware.php:131
- C:\xampp\htdocs\zscmst\vendor\cakephp\cakephp\src\Http\Runner.php:82
- C:\xampp\htdocs\zscmst\vendor\cakephp\debug_kit\src\Middleware\DebugKitMiddleware.php:60
- C:\xampp\htdocs\zscmst\vendor\cakephp\cakephp\src\Http\Runner.php:82
- C:\xampp\htdocs\zscmst\vendor\cakephp\cakephp\src\Http\Runner.php:67
- C:\xampp\htdocs\zscmst\vendor\cakephp\cakephp\src\Http\Server.php:90
- C:\xampp\htdocs\zscmst\webroot\index.php:40

Request URL: /app/medical-services/medical-consent/controller.js?version=1695884251
Referer URL: http://localhost/zscmst/main
Client IP: 127.0.0.1
2023-09-28 06:57:34 error: [Cake\Controller\Exception\MissingActionException] Action AppController::medicalServices() could not be found, or is not accessible. in C:\xampp\htdocs\zscmst\vendor\cakephp\cakephp\src\Controller\Controller.php on line 526
Exception Attributes: array (
  'controller' => 'AppController',
  'action' => 'medicalServices',
  'prefix' => '',
  'plugin' => NULL,
)
Stack Trace:
- C:\xampp\htdocs\zscmst\vendor\cakephp\cakephp\src\Controller\ControllerFactory.php:134
- C:\xampp\htdocs\zscmst\vendor\cakephp\cakephp\src\Controller\ControllerFactory.php:114
- C:\xampp\htdocs\zscmst\vendor\cakephp\cakephp\src\Http\BaseApplication.php:320
- C:\xampp\htdocs\zscmst\vendor\cakephp\cakephp\src\Http\Runner.php:86
- C:\xampp\htdocs\zscmst\vendor\cakephp\cakephp\src\Http\Middleware\CsrfProtectionMiddleware.php:174
- C:\xampp\htdocs\zscmst\vendor\cakephp\cakephp\src\Http\Runner.php:82
- C:\xampp\htdocs\zscmst\vendor\cakephp\cakephp\src\Http\Middleware\BodyParserMiddleware.php:157
- C:\xampp\htdocs\zscmst\vendor\cakephp\cakephp\src\Http\Runner.php:82
- C:\xampp\htdocs\zscmst\vendor\cakephp\cakephp\src\Routing\Middleware\RoutingMiddleware.php:186
- C:\xampp\htdocs\zscmst\vendor\cakephp\cakephp\src\Http\Runner.php:82
- C:\xampp\htdocs\zscmst\vendor\cakephp\cakephp\src\Routing\Middleware\AssetMiddleware.php:77
- C:\xampp\htdocs\zscmst\vendor\cakephp\cakephp\src\Http\Runner.php:82
- C:\xampp\htdocs\zscmst\vendor\cakephp\cakephp\src\Error\Middleware\ErrorHandlerMiddleware.php:131
- C:\xampp\htdocs\zscmst\vendor\cakephp\cakephp\src\Http\Runner.php:82
- C:\xampp\htdocs\zscmst\vendor\cakephp\debug_kit\src\Middleware\DebugKitMiddleware.php:60
- C:\xampp\htdocs\zscmst\vendor\cakephp\cakephp\src\Http\Runner.php:82
- C:\xampp\htdocs\zscmst\vendor\cakephp\cakephp\src\Http\Runner.php:67
- C:\xampp\htdocs\zscmst\vendor\cakephp\cakephp\src\Http\Server.php:90
- C:\xampp\htdocs\zscmst\webroot\index.php:40

Request URL: /app/medical-services/medical-consent/service.js?version=1695884251
Referer URL: http://localhost/zscmst/main
Client IP: 127.0.0.1
2023-09-28 06:57:34 error: [Cake\Controller\Exception\MissingActionException] Action AppController::medicalServices() could not be found, or is not accessible. in C:\xampp\htdocs\zscmst\vendor\cakephp\cakephp\src\Controller\Controller.php on line 526
Exception Attributes: array (
  'controller' => 'AppController',
  'action' => 'medicalServices',
  'prefix' => '',
  'plugin' => NULL,
)
Stack Trace:
- C:\xampp\htdocs\zscmst\vendor\cakephp\cakephp\src\Controller\ControllerFactory.php:134
- C:\xampp\htdocs\zscmst\vendor\cakephp\cakephp\src\Controller\ControllerFactory.php:114
- C:\xampp\htdocs\zscmst\vendor\cakephp\cakephp\src\Http\BaseApplication.php:320
- C:\xampp\htdocs\zscmst\vendor\cakephp\cakephp\src\Http\Runner.php:86
- C:\xampp\htdocs\zscmst\vendor\cakephp\cakephp\src\Http\Middleware\CsrfProtectionMiddleware.php:174
- C:\xampp\htdocs\zscmst\vendor\cakephp\cakephp\src\Http\Runner.php:82
- C:\xampp\htdocs\zscmst\vendor\cakephp\cakephp\src\Http\Middleware\BodyParserMiddleware.php:157
- C:\xampp\htdocs\zscmst\vendor\cakephp\cakephp\src\Http\Runner.php:82
- C:\xampp\htdocs\zscmst\vendor\cakephp\cakephp\src\Routing\Middleware\RoutingMiddleware.php:186
- C:\xampp\htdocs\zscmst\vendor\cakephp\cakephp\src\Http\Runner.php:82
- C:\xampp\htdocs\zscmst\vendor\cakephp\cakephp\src\Routing\Middleware\AssetMiddleware.php:77
- C:\xampp\htdocs\zscmst\vendor\cakephp\cakephp\src\Http\Runner.php:82
- C:\xampp\htdocs\zscmst\vendor\cakephp\cakephp\src\Error\Middleware\ErrorHandlerMiddleware.php:131
- C:\xampp\htdocs\zscmst\vendor\cakephp\cakephp\src\Http\Runner.php:82
- C:\xampp\htdocs\zscmst\vendor\cakephp\debug_kit\src\Middleware\DebugKitMiddleware.php:60
- C:\xampp\htdocs\zscmst\vendor\cakephp\cakephp\src\Http\Runner.php:82
- C:\xampp\htdocs\zscmst\vendor\cakephp\cakephp\src\Http\Runner.php:67
- C:\xampp\htdocs\zscmst\vendor\cakephp\cakephp\src\Http\Server.php:90
- C:\xampp\htdocs\zscmst\webroot\index.php:40

Request URL: /app/medical-services/medical-consent/route.js?version=1695884251
Referer URL: http://localhost/zscmst/main
Client IP: 127.0.0.1
2023-09-28 06:57:36 error: [Cake\Controller\Exception\MissingActionException] Action AppController::registrar() could not be found, or is not accessible. in C:\xampp\htdocs\zscmst\vendor\cakephp\cakephp\src\Controller\Controller.php on line 526
Exception Attributes: array (
  'controller' => 'AppController',
  'action' => 'registrar',
  'prefix' => '',
  'plugin' => NULL,
)
Stack Trace:
- C:\xampp\htdocs\zscmst\vendor\cakephp\cakephp\src\Controller\ControllerFactory.php:134
- C:\xampp\htdocs\zscmst\vendor\cakephp\cakephp\src\Controller\ControllerFactory.php:114
- C:\xampp\htdocs\zscmst\vendor\cakephp\cakephp\src\Http\BaseApplication.php:320
- C:\xampp\htdocs\zscmst\vendor\cakephp\cakephp\src\Http\Runner.php:86
- C:\xampp\htdocs\zscmst\vendor\cakephp\cakephp\src\Http\Middleware\CsrfProtectionMiddleware.php:174
- C:\xampp\htdocs\zscmst\vendor\cakephp\cakephp\src\Http\Runner.php:82
- C:\xampp\htdocs\zscmst\vendor\cakephp\cakephp\src\Http\Middleware\BodyParserMiddleware.php:157
- C:\xampp\htdocs\zscmst\vendor\cakephp\cakephp\src\Http\Runner.php:82
- C:\xampp\htdocs\zscmst\vendor\cakephp\cakephp\src\Routing\Middleware\RoutingMiddleware.php:186
- C:\xampp\htdocs\zscmst\vendor\cakephp\cakephp\src\Http\Runner.php:82
- C:\xampp\htdocs\zscmst\vendor\cakephp\cakephp\src\Routing\Middleware\AssetMiddleware.php:77
- C:\xampp\htdocs\zscmst\vendor\cakephp\cakephp\src\Http\Runner.php:82
- C:\xampp\htdocs\zscmst\vendor\cakephp\cakephp\src\Error\Middleware\ErrorHandlerMiddleware.php:131
- C:\xampp\htdocs\zscmst\vendor\cakephp\cakephp\src\Http\Runner.php:82
- C:\xampp\htdocs\zscmst\vendor\cakephp\debug_kit\src\Middleware\DebugKitMiddleware.php:60
- C:\xampp\htdocs\zscmst\vendor\cakephp\cakephp\src\Http\Runner.php:82
- C:\xampp\htdocs\zscmst\vendor\cakephp\cakephp\src\Http\Runner.php:67
- C:\xampp\htdocs\zscmst\vendor\cakephp\cakephp\src\Http\Server.php:90
- C:\xampp\htdocs\zscmst\webroot\index.php:40

Request URL: /app/registrar/student-profile/controller.js?version=1695884251
Referer URL: http://localhost/zscmst/main
Client IP: 127.0.0.1
2023-09-28 06:57:36 error: [Cake\Controller\Exception\MissingActionException] Action AppController::medicalServices() could not be found, or is not accessible. in C:\xampp\htdocs\zscmst\vendor\cakephp\cakephp\src\Controller\Controller.php on line 526
Exception Attributes: array (
  'controller' => 'AppController',
  'action' => 'medicalServices',
  'prefix' => '',
  'plugin' => NULL,
)
Stack Trace:
- C:\xampp\htdocs\zscmst\vendor\cakephp\cakephp\src\Controller\ControllerFactory.php:134
- C:\xampp\htdocs\zscmst\vendor\cakephp\cakephp\src\Controller\ControllerFactory.php:114
- C:\xampp\htdocs\zscmst\vendor\cakephp\cakephp\src\Http\BaseApplication.php:320
- C:\xampp\htdocs\zscmst\vendor\cakephp\cakephp\src\Http\Runner.php:86
- C:\xampp\htdocs\zscmst\vendor\cakephp\cakephp\src\Http\Middleware\CsrfProtectionMiddleware.php:174
- C:\xampp\htdocs\zscmst\vendor\cakephp\cakephp\src\Http\Runner.php:82
- C:\xampp\htdocs\zscmst\vendor\cakephp\cakephp\src\Http\Middleware\BodyParserMiddleware.php:157
- C:\xampp\htdocs\zscmst\vendor\cakephp\cakephp\src\Http\Runner.php:82
- C:\xampp\htdocs\zscmst\vendor\cakephp\cakephp\src\Routing\Middleware\RoutingMiddleware.php:186
- C:\xampp\htdocs\zscmst\vendor\cakephp\cakephp\src\Http\Runner.php:82
- C:\xampp\htdocs\zscmst\vendor\cakephp\cakephp\src\Routing\Middleware\AssetMiddleware.php:77
- C:\xampp\htdocs\zscmst\vendor\cakephp\cakephp\src\Http\Runner.php:82
- C:\xampp\htdocs\zscmst\vendor\cakephp\cakephp\src\Error\Middleware\ErrorHandlerMiddleware.php:131
- C:\xampp\htdocs\zscmst\vendor\cakephp\cakephp\src\Http\Runner.php:82
- C:\xampp\htdocs\zscmst\vendor\cakephp\debug_kit\src\Middleware\DebugKitMiddleware.php:60
- C:\xampp\htdocs\zscmst\vendor\cakephp\cakephp\src\Http\Runner.php:82
- C:\xampp\htdocs\zscmst\vendor\cakephp\cakephp\src\Http\Runner.php:67
- C:\xampp\htdocs\zscmst\vendor\cakephp\cakephp\src\Http\Server.php:90
- C:\xampp\htdocs\zscmst\webroot\index.php:40

Request URL: /app/medical-services/medical-consent/service.js?version=1695884251
Referer URL: http://localhost/zscmst/main
Client IP: 127.0.0.1
2023-09-28 06:57:36 error: [Cake\Controller\Exception\MissingActionException] Action AppController::medicalServices() could not be found, or is not accessible. in C:\xampp\htdocs\zscmst\vendor\cakephp\cakephp\src\Controller\Controller.php on line 526
Exception Attributes: array (
  'controller' => 'AppController',
  'action' => 'medicalServices',
  'prefix' => '',
  'plugin' => NULL,
)
Stack Trace:
- C:\xampp\htdocs\zscmst\vendor\cakephp\cakephp\src\Controller\ControllerFactory.php:134
- C:\xampp\htdocs\zscmst\vendor\cakephp\cakephp\src\Controller\ControllerFactory.php:114
- C:\xampp\htdocs\zscmst\vendor\cakephp\cakephp\src\Http\BaseApplication.php:320
- C:\xampp\htdocs\zscmst\vendor\cakephp\cakephp\src\Http\Runner.php:86
- C:\xampp\htdocs\zscmst\vendor\cakephp\cakephp\src\Http\Middleware\CsrfProtectionMiddleware.php:174
- C:\xampp\htdocs\zscmst\vendor\cakephp\cakephp\src\Http\Runner.php:82
- C:\xampp\htdocs\zscmst\vendor\cakephp\cakephp\src\Http\Middleware\BodyParserMiddleware.php:157
- C:\xampp\htdocs\zscmst\vendor\cakephp\cakephp\src\Http\Runner.php:82
- C:\xampp\htdocs\zscmst\vendor\cakephp\cakephp\src\Routing\Middleware\RoutingMiddleware.php:186
- C:\xampp\htdocs\zscmst\vendor\cakephp\cakephp\src\Http\Runner.php:82
- C:\xampp\htdocs\zscmst\vendor\cakephp\cakephp\src\Routing\Middleware\AssetMiddleware.php:77
- C:\xampp\htdocs\zscmst\vendor\cakephp\cakephp\src\Http\Runner.php:82
- C:\xampp\htdocs\zscmst\vendor\cakephp\cakephp\src\Error\Middleware\ErrorHandlerMiddleware.php:131
- C:\xampp\htdocs\zscmst\vendor\cakephp\cakephp\src\Http\Runner.php:82
- C:\xampp\htdocs\zscmst\vendor\cakephp\debug_kit\src\Middleware\DebugKitMiddleware.php:60
- C:\xampp\htdocs\zscmst\vendor\cakephp\cakephp\src\Http\Runner.php:82
- C:\xampp\htdocs\zscmst\vendor\cakephp\cakephp\src\Http\Runner.php:67
- C:\xampp\htdocs\zscmst\vendor\cakephp\cakephp\src\Http\Server.php:90
- C:\xampp\htdocs\zscmst\webroot\index.php:40

Request URL: /app/medical-services/medical-consent/route.js?version=1695884251
Referer URL: http://localhost/zscmst/main
Client IP: 127.0.0.1
2023-09-28 06:57:37 error: [Cake\Controller\Exception\MissingActionException] Action AppController::medicalServices() could not be found, or is not accessible. in C:\xampp\htdocs\zscmst\vendor\cakephp\cakephp\src\Controller\Controller.php on line 526
Exception Attributes: array (
  'controller' => 'AppController',
  'action' => 'medicalServices',
  'prefix' => '',
  'plugin' => NULL,
)
Stack Trace:
- C:\xampp\htdocs\zscmst\vendor\cakephp\cakephp\src\Controller\ControllerFactory.php:134
- C:\xampp\htdocs\zscmst\vendor\cakephp\cakephp\src\Controller\ControllerFactory.php:114
- C:\xampp\htdocs\zscmst\vendor\cakephp\cakephp\src\Http\BaseApplication.php:320
- C:\xampp\htdocs\zscmst\vendor\cakephp\cakephp\src\Http\Runner.php:86
- C:\xampp\htdocs\zscmst\vendor\cakephp\cakephp\src\Http\Middleware\CsrfProtectionMiddleware.php:174
- C:\xampp\htdocs\zscmst\vendor\cakephp\cakephp\src\Http\Runner.php:82
- C:\xampp\htdocs\zscmst\vendor\cakephp\cakephp\src\Http\Middleware\BodyParserMiddleware.php:157
- C:\xampp\htdocs\zscmst\vendor\cakephp\cakephp\src\Http\Runner.php:82
- C:\xampp\htdocs\zscmst\vendor\cakephp\cakephp\src\Routing\Middleware\RoutingMiddleware.php:186
- C:\xampp\htdocs\zscmst\vendor\cakephp\cakephp\src\Http\Runner.php:82
- C:\xampp\htdocs\zscmst\vendor\cakephp\cakephp\src\Routing\Middleware\AssetMiddleware.php:77
- C:\xampp\htdocs\zscmst\vendor\cakephp\cakephp\src\Http\Runner.php:82
- C:\xampp\htdocs\zscmst\vendor\cakephp\cakephp\src\Error\Middleware\ErrorHandlerMiddleware.php:131
- C:\xampp\htdocs\zscmst\vendor\cakephp\cakephp\src\Http\Runner.php:82
- C:\xampp\htdocs\zscmst\vendor\cakephp\debug_kit\src\Middleware\DebugKitMiddleware.php:60
- C:\xampp\htdocs\zscmst\vendor\cakephp\cakephp\src\Http\Runner.php:82
- C:\xampp\htdocs\zscmst\vendor\cakephp\cakephp\src\Http\Runner.php:67
- C:\xampp\htdocs\zscmst\vendor\cakephp\cakephp\src\Http\Server.php:90
- C:\xampp\htdocs\zscmst\webroot\index.php:40

Request URL: /app/medical-services/medical-consent/controller.js?version=1695884251
Referer URL: http://localhost/zscmst/main
Client IP: 127.0.0.1
2023-09-28 06:57:37 error: [Cake\Http\Exception\MissingControllerException] Controller class {{Base}} could not be found. in C:\xampp\htdocs\zscmst\vendor\cakephp\cakephp\src\Controller\ControllerFactory.php on line 348
Exception Attributes: array (
  'controller' => '{{Base}}',
  'plugin' => NULL,
  'prefix' => NULL,
  '_ext' => NULL,
  'class' => '{{Base}}',
)
Stack Trace:
- C:\xampp\htdocs\zscmst\vendor\cakephp\cakephp\src\Controller\ControllerFactory.php:333
- C:\xampp\htdocs\zscmst\vendor\cakephp\cakephp\src\Controller\ControllerFactory.php:72
- C:\xampp\htdocs\zscmst\vendor\cakephp\cakephp\src\Http\BaseApplication.php:318
- C:\xampp\htdocs\zscmst\vendor\cakephp\cakephp\src\Http\Runner.php:86
- C:\xampp\htdocs\zscmst\vendor\cakephp\cakephp\src\Http\Middleware\CsrfProtectionMiddleware.php:174
- C:\xampp\htdocs\zscmst\vendor\cakephp\cakephp\src\Http\Runner.php:82
- C:\xampp\htdocs\zscmst\vendor\cakephp\cakephp\src\Http\Middleware\BodyParserMiddleware.php:157
- C:\xampp\htdocs\zscmst\vendor\cakephp\cakephp\src\Http\Runner.php:82
- C:\xampp\htdocs\zscmst\vendor\cakephp\cakephp\src\Routing\Middleware\RoutingMiddleware.php:186
- C:\xampp\htdocs\zscmst\vendor\cakephp\cakephp\src\Http\Runner.php:82
- C:\xampp\htdocs\zscmst\vendor\cakephp\cakephp\src\Routing\Middleware\AssetMiddleware.php:77
- C:\xampp\htdocs\zscmst\vendor\cakephp\cakephp\src\Http\Runner.php:82
- C:\xampp\htdocs\zscmst\vendor\cakephp\cakephp\src\Error\Middleware\ErrorHandlerMiddleware.php:131
- C:\xampp\htdocs\zscmst\vendor\cakephp\cakephp\src\Http\Runner.php:82
- C:\xampp\htdocs\zscmst\vendor\cakephp\debug_kit\src\Middleware\DebugKitMiddleware.php:60
- C:\xampp\htdocs\zscmst\vendor\cakephp\cakephp\src\Http\Runner.php:82
- C:\xampp\htdocs\zscmst\vendor\cakephp\cakephp\src\Http\Runner.php:67
- C:\xampp\htdocs\zscmst\vendor\cakephp\cakephp\src\Http\Server.php:90
- C:\xampp\htdocs\zscmst\webroot\index.php:40

Request URL: /%7B%7B%20base%20%7D%7D/assets/img/come_back_later.png
Referer URL: http://localhost/zscmst/main
Client IP: 127.0.0.1
2023-09-28 06:57:37 error: [Cake\Http\Exception\MissingControllerException] Controller class {{ImageSrc}} could not be found. in C:\xampp\htdocs\zscmst\vendor\cakephp\cakephp\src\Controller\ControllerFactory.php on line 348
Exception Attributes: array (
  'controller' => '{{ImageSrc}}',
  'plugin' => NULL,
  'prefix' => NULL,
  '_ext' => NULL,
  'class' => '{{ImageSrc}}',
)
Stack Trace:
- C:\xampp\htdocs\zscmst\vendor\cakephp\cakephp\src\Controller\ControllerFactory.php:333
- C:\xampp\htdocs\zscmst\vendor\cakephp\cakephp\src\Controller\ControllerFactory.php:72
- C:\xampp\htdocs\zscmst\vendor\cakephp\cakephp\src\Http\BaseApplication.php:318
- C:\xampp\htdocs\zscmst\vendor\cakephp\cakephp\src\Http\Runner.php:86
- C:\xampp\htdocs\zscmst\vendor\cakephp\cakephp\src\Http\Middleware\CsrfProtectionMiddleware.php:174
- C:\xampp\htdocs\zscmst\vendor\cakephp\cakephp\src\Http\Runner.php:82
- C:\xampp\htdocs\zscmst\vendor\cakephp\cakephp\src\Http\Middleware\BodyParserMiddleware.php:157
- C:\xampp\htdocs\zscmst\vendor\cakephp\cakephp\src\Http\Runner.php:82
- C:\xampp\htdocs\zscmst\vendor\cakephp\cakephp\src\Routing\Middleware\RoutingMiddleware.php:186
- C:\xampp\htdocs\zscmst\vendor\cakephp\cakephp\src\Http\Runner.php:82
- C:\xampp\htdocs\zscmst\vendor\cakephp\cakephp\src\Routing\Middleware\AssetMiddleware.php:68
- C:\xampp\htdocs\zscmst\vendor\cakephp\cakephp\src\Http\Runner.php:82
- C:\xampp\htdocs\zscmst\vendor\cakephp\cakephp\src\Error\Middleware\ErrorHandlerMiddleware.php:131
- C:\xampp\htdocs\zscmst\vendor\cakephp\cakephp\src\Http\Runner.php:82
- C:\xampp\htdocs\zscmst\vendor\cakephp\debug_kit\src\Middleware\DebugKitMiddleware.php:60
- C:\xampp\htdocs\zscmst\vendor\cakephp\cakephp\src\Http\Runner.php:82
- C:\xampp\htdocs\zscmst\vendor\cakephp\cakephp\src\Http\Runner.php:67
- C:\xampp\htdocs\zscmst\vendor\cakephp\cakephp\src\Http\Server.php:90
- C:\xampp\htdocs\zscmst\webroot\index.php:40

Request URL: /%7B%7B%20imageSrc%20%7D%7D
Referer URL: http://localhost/zscmst/main
Client IP: 127.0.0.1
2023-09-28 06:57:38 error: [PDOException] SQLSTATE[42S22]: Column not found: 1054 Unknown column 'StudentEnrolledCourses.class_schedule_id' in 'field list' in C:\xampp\htdocs\zscmst\vendor\cakephp\cakephp\src\Database\Statement\MysqlStatement.php on line 39
Stack Trace:
- C:\xampp\htdocs\zscmst\vendor\cakephp\cakephp\src\Database\Statement\MysqlStatement.php:39
- C:\xampp\htdocs\zscmst\vendor\cakephp\cakephp\src\Database\Statement\StatementDecorator.php:180
- C:\xampp\htdocs\zscmst\vendor\cakephp\cakephp\src\Database\Log\LoggingStatement.php:77
- C:\xampp\htdocs\zscmst\vendor\cakephp\cakephp\src\Database\Connection.php:360
- C:\xampp\htdocs\zscmst\vendor\cakephp\cakephp\src\Core\Retry\CommandRetry.php:70
- C:\xampp\htdocs\zscmst\vendor\cakephp\cakephp\src\Database\Connection.php:357
- C:\xampp\htdocs\zscmst\vendor\cakephp\cakephp\src\Database\Query.php:255
- C:\xampp\htdocs\zscmst\vendor\cakephp\cakephp\src\ORM\Query.php:1148
- C:\xampp\htdocs\zscmst\vendor\cakephp\cakephp\src\Datasource\QueryTrait.php:288
- C:\xampp\htdocs\zscmst\vendor\cakephp\cakephp\src\ORM\Query.php:1096
- C:\xampp\htdocs\zscmst\vendor\cakephp\cakephp\src\ORM\Association\Loader\SelectLoader.php:477
- C:\xampp\htdocs\zscmst\vendor\cakephp\cakephp\src\ORM\Association\Loader\SelectLoader.php:128
- C:\xampp\htdocs\zscmst\vendor\cakephp\cakephp\src\ORM\Association\HasMany.php:670
- C:\xampp\htdocs\zscmst\vendor\cakephp\cakephp\src\ORM\EagerLoader.php:669
- C:\xampp\htdocs\zscmst\vendor\cakephp\cakephp\src\ORM\Query.php:1148
- C:\xampp\htdocs\zscmst\vendor\cakephp\cakephp\src\Datasource\QueryTrait.php:288
- C:\xampp\htdocs\zscmst\vendor\cakephp\cakephp\src\ORM\Query.php:1096
- C:\xampp\htdocs\zscmst\vendor\cakephp\cakephp\src\Datasource\QueryTrait.php:495
- C:\xampp\htdocs\zscmst\src\Controller\Api\DashboardsController.php:365
- C:\xampp\htdocs\zscmst\vendor\cakephp\cakephp\src\Controller\Controller.php:547
- C:\xampp\htdocs\zscmst\vendor\cakephp\cakephp\src\Controller\ControllerFactory.php:139
- C:\xampp\htdocs\zscmst\vendor\cakephp\cakephp\src\Controller\ControllerFactory.php:114
- C:\xampp\htdocs\zscmst\vendor\cakephp\cakephp\src\Http\BaseApplication.php:320
- C:\xampp\htdocs\zscmst\vendor\cakephp\cakephp\src\Http\Runner.php:86
- C:\xampp\htdocs\zscmst\vendor\cakephp\cakephp\src\Http\Middleware\CsrfProtectionMiddleware.php:174
- C:\xampp\htdocs\zscmst\vendor\cakephp\cakephp\src\Http\Runner.php:82
- C:\xampp\htdocs\zscmst\vendor\cakephp\cakephp\src\Http\Middleware\BodyParserMiddleware.php:157
- C:\xampp\htdocs\zscmst\vendor\cakephp\cakephp\src\Http\Runner.php:82
- C:\xampp\htdocs\zscmst\vendor\cakephp\cakephp\src\Routing\Middleware\RoutingMiddleware.php:186
- C:\xampp\htdocs\zscmst\vendor\cakephp\cakephp\src\Http\Runner.php:82
- C:\xampp\htdocs\zscmst\vendor\cakephp\cakephp\src\Routing\Middleware\AssetMiddleware.php:68
- C:\xampp\htdocs\zscmst\vendor\cakephp\cakephp\src\Http\Runner.php:82
- C:\xampp\htdocs\zscmst\vendor\cakephp\cakephp\src\Error\Middleware\ErrorHandlerMiddleware.php:131
- C:\xampp\htdocs\zscmst\vendor\cakephp\cakephp\src\Http\Runner.php:82
- C:\xampp\htdocs\zscmst\vendor\cakephp\debug_kit\src\Middleware\DebugKitMiddleware.php:60
- C:\xampp\htdocs\zscmst\vendor\cakephp\cakephp\src\Http\Runner.php:82
- C:\xampp\htdocs\zscmst\vendor\cakephp\cakephp\src\Http\Runner.php:67
- C:\xampp\htdocs\zscmst\vendor\cakephp\cakephp\src\Http\Server.php:90
- C:\xampp\htdocs\zscmst\webroot\index.php:40

Request URL: /api/dashboards
Referer URL: http://localhost/zscmst/main
Client IP: 127.0.0.1
2023-09-28 15:57:02 error: [Cake\Controller\Exception\MissingActionException] Action MainController::bg() could not be found, or is not accessible. in C:\xampp\htdocs\zscmst\vendor\cakephp\cakephp\src\Controller\Controller.php on line 526
Exception Attributes: array (
  'controller' => 'MainController',
  'action' => 'bg',
  'prefix' => '',
  'plugin' => NULL,
)
Stack Trace:
- C:\xampp\htdocs\zscmst\vendor\cakephp\cakephp\src\Controller\ControllerFactory.php:134
- C:\xampp\htdocs\zscmst\vendor\cakephp\cakephp\src\Controller\ControllerFactory.php:114
- C:\xampp\htdocs\zscmst\vendor\cakephp\cakephp\src\Http\BaseApplication.php:320
- C:\xampp\htdocs\zscmst\vendor\cakephp\cakephp\src\Http\Runner.php:86
- C:\xampp\htdocs\zscmst\vendor\cakephp\cakephp\src\Http\Middleware\CsrfProtectionMiddleware.php:174
- C:\xampp\htdocs\zscmst\vendor\cakephp\cakephp\src\Http\Runner.php:82
- C:\xampp\htdocs\zscmst\vendor\cakephp\cakephp\src\Http\Middleware\BodyParserMiddleware.php:157
- C:\xampp\htdocs\zscmst\vendor\cakephp\cakephp\src\Http\Runner.php:82
- C:\xampp\htdocs\zscmst\vendor\cakephp\cakephp\src\Routing\Middleware\RoutingMiddleware.php:186
- C:\xampp\htdocs\zscmst\vendor\cakephp\cakephp\src\Http\Runner.php:82
- C:\xampp\htdocs\zscmst\vendor\cakephp\cakephp\src\Routing\Middleware\AssetMiddleware.php:77
- C:\xampp\htdocs\zscmst\vendor\cakephp\cakephp\src\Http\Runner.php:82
- C:\xampp\htdocs\zscmst\vendor\cakephp\cakephp\src\Error\Middleware\ErrorHandlerMiddleware.php:131
- C:\xampp\htdocs\zscmst\vendor\cakephp\cakephp\src\Http\Runner.php:82
- C:\xampp\htdocs\zscmst\vendor\cakephp\debug_kit\src\Middleware\DebugKitMiddleware.php:60
- C:\xampp\htdocs\zscmst\vendor\cakephp\cakephp\src\Http\Runner.php:82
- C:\xampp\htdocs\zscmst\vendor\cakephp\cakephp\src\Http\Runner.php:67
- C:\xampp\htdocs\zscmst\vendor\cakephp\cakephp\src\Http\Server.php:90
- C:\xampp\htdocs\zscmst\webroot\index.php:40

Request URL: /main/bg/bg1.png
Referer URL: http://localhost/zscmst/main/login
Client IP: 127.0.0.1
